  [1m[36m (1.8ms)[0m  [1mDROP TABLE "authors"[0m
  [1m[35m (0.7ms)[0m  CREATE TABLE "authors" ("id" INTEGER PRIMARY KEY AUTOINCREMENT NOT NULL, "name" varchar, "genre" varchar, "bio" text, "created_at" datetime NOT NULL, "updated_at" datetime NOT NULL) 
  [1m[36m (0.9ms)[0m  [1mDROP TABLE "posts"[0m
  [1m[35m (1.1ms)[0m  CREATE TABLE "posts" ("id" INTEGER PRIMARY KEY AUTOINCREMENT NOT NULL, "title" varchar, "description" text, "created_at" datetime NOT NULL, "updated_at" datetime NOT NULL, "post_status" boolean, "author_id" integer) 
  [1m[36m (0.3ms)[0m  [1mSELECT version FROM "schema_migrations"[0m
  [1m[35m (1.8ms)[0m  DROP TABLE "authors"
  [1m[36m (1.0ms)[0m  [1mCREATE TABLE "authors" ("id" INTEGER PRIMARY KEY AUTOINCREMENT NOT NULL, "name" varchar, "genre" varchar, "bio" text, "created_at" datetime NOT NULL, "updated_at" datetime NOT NULL) [0m
  [1m[35m (1.2ms)[0m  DROP TABLE "posts"
  [1m[36m (0.6ms)[0m  [1mCREATE TABLE "posts" ("id" INTEGER PRIMARY KEY AUTOINCREMENT NOT NULL, "title" varchar, "description" text, "created_at" datetime NOT NULL, "updated_at" datetime NOT NULL, "post_status" boolean, "author_id" integer) [0m
  [1m[35m (0.3ms)[0m  SELECT version FROM "schema_migrations"
  [1m[36mActiveRecord::SchemaMigration Load (0.1ms)[0m  [1mSELECT "schema_migrations".* FROM "schema_migrations"[0m


Started GET "/" for ::1 at 2016-01-27 12:52:05 -0500
  [1m[36mActiveRecord::SchemaMigration Load (0.4ms)[0m  [1mSELECT "schema_migrations".* FROM "schema_migrations"[0m
Processing by Rails::WelcomeController#index as HTML
  Rendered /Users/scottcreynolds/.rvm/gems/ruby-2.1.2/gems/railties-4.2.5/lib/rails/templates/rails/welcome/index.html.erb (1.6ms)
Completed 200 OK in 16ms (Views: 8.8ms | ActiveRecord: 0.0ms)
  [1m[36mActiveRecord::SchemaMigration Load (0.4ms)[0m  [1mSELECT "schema_migrations".* FROM "schema_migrations"[0m
  [1m[35m (0.1ms)[0m  begin transaction
  [1m[36mSQL (0.8ms)[0m  [1mINSERT INTO "authors" ("name", "genre", "bio", "created_at", "updated_at") VALUES (?, ?, ?, ?, ?)[0m  [["name", "Stephen King"], ["genre", "Romance"], ["bio", "Writes a lot of scary things."], ["created_at", "2016-01-27 18:26:49.315022"], ["updated_at", "2016-01-27 18:26:49.315022"]]
  [1m[35m (0.6ms)[0m  commit transaction
  [1m[36m (0.0ms)[0m  [1mbegin transaction[0m
  [1m[35mSQL (0.2ms)[0m  INSERT INTO "authors" ("name", "genre", "bio", "created_at", "updated_at") VALUES (?, ?, ?, ?, ?)  [["name", "Ariana Huffington"], ["genre", "Comedy"], ["bio", "Up and comer. One to watch."], ["created_at", "2016-01-27 18:26:49.319870"], ["updated_at", "2016-01-27 18:26:49.319870"]]
  [1m[36m (0.7ms)[0m  [1mcommit transaction[0m
  [1m[35m (0.0ms)[0m  begin transaction
  [1m[36mSQL (0.1ms)[0m  [1mINSERT INTO "authors" ("name", "genre", "bio", "created_at", "updated_at") VALUES (?, ?, ?, ?, ?)[0m  [["name", "Horse Ebooks"], ["genre", "?????"], ["bio", "Eclectic."], ["created_at", "2016-01-27 18:26:49.321732"], ["updated_at", "2016-01-27 18:26:49.321732"]]
  [1m[35m (0.5ms)[0m  commit transaction
  [1m[36mActiveRecord::SchemaMigration Load (0.1ms)[0m  [1mSELECT "schema_migrations".* FROM "schema_migrations"[0m
  [1m[35m (0.1ms)[0m  begin transaction
  [1m[36mSQL (0.3ms)[0m  [1mINSERT INTO "authors" ("name", "genre", "bio", "created_at", "updated_at") VALUES (?, ?, ?, ?, ?)[0m  [["name", "Stephen King"], ["genre", "Romance"], ["bio", "Writes a lot of scary things."], ["created_at", "2016-01-27 18:27:10.455064"], ["updated_at", "2016-01-27 18:27:10.455064"]]
  [1m[35m (0.6ms)[0m  commit transaction
  [1m[36m (0.0ms)[0m  [1mbegin transaction[0m
  [1m[35mSQL (0.1ms)[0m  INSERT INTO "authors" ("name", "genre", "bio", "created_at", "updated_at") VALUES (?, ?, ?, ?, ?)  [["name", "Ariana Huffington"], ["genre", "Comedy"], ["bio", "Up and comer. One to watch."], ["created_at", "2016-01-27 18:27:10.458955"], ["updated_at", "2016-01-27 18:27:10.458955"]]
  [1m[36m (0.7ms)[0m  [1mcommit transaction[0m
  [1m[35m (0.0ms)[0m  begin transaction
  [1m[36mSQL (0.1ms)[0m  [1mINSERT INTO "authors" ("name", "genre", "bio", "created_at", "updated_at") VALUES (?, ?, ?, ?, ?)[0m  [["name", "Horse Ebooks"], ["genre", "?????"], ["bio", "Eclectic."], ["created_at", "2016-01-27 18:27:10.460690"], ["updated_at", "2016-01-27 18:27:10.460690"]]
  [1m[35m (0.5ms)[0m  commit transaction
  [1m[36m (0.1ms)[0m  [1mbegin transaction[0m
  [1m[35mSQL (0.6ms)[0m  INSERT INTO "posts" ("title", "description", "author_id", "created_at", "updated_at") VALUES (?, ?, ?, ?, ?)  [["title", "Something About Democrats"], ["description", "  Last night I dreamt there is more to life than to bully friends.\n  What has that got to do with Democrats, you probably wonder...\n  The answer is here. Right here. Back in school my hair was silly.\n  Nevermind about the details, but... In a nut-shell: And still,\n  it was strange. Using Google, I found a 12-sided dice.\n  Which would be nothing special but...\n"], ["author_id", 4], ["created_at", "2016-01-27 18:27:10.475105"], ["updated_at", "2016-01-27 18:27:10.475105"]]
  [1m[36m (0.5ms)[0m  [1mcommit transaction[0m
  [1m[35m (0.0ms)[0m  begin transaction
  [1m[36mSQL (0.2ms)[0m  [1mINSERT INTO "posts" ("title", "description", "author_id", "created_at", "updated_at") VALUES (?, ?, ?, ?, ?)[0m  [["title", "Spam Spam Spam"], ["description", "  It occurred to me that no matter what cards you are dealt,\n  you need to enjoy the small joys. How is this related to Spam, you ask.\n  Fair enough. OK, I will tell you something here now...\n  Sometime around last year I loved movies. Yeah, just what it sounds like.\n  In a nut-shell: And still, it was strange. I collided with the powers of a my computer,\n  broken and gray. And here's why this matters...\n"], ["author_id", 5], ["created_at", "2016-01-27 18:27:10.477511"], ["updated_at", "2016-01-27 18:27:10.477511"]]
  [1m[35m (0.6ms)[0m  commit transaction
  [1m[36m (0.0ms)[0m  [1mbegin transaction[0m
  [1m[35mSQL (0.2ms)[0m  INSERT INTO "posts" ("title", "description", "author_id", "created_at", "updated_at") VALUES (?, ?, ?, ?, ?)  [["title", "Links! Click Links!"], ["description", "  Last night I dreamt we simply need to realize to be so competitive.\n  Does the responsibility lie with Links, you probably wonder...\n  The answer is here. Right here. About the time I broke up with my\n  ex I was totally into music. Whatever. So that's that.\n  But something wasn't right. I stumbled upon a giant banana.\n"], ["author_id", 6], ["created_at", "2016-01-27 18:27:10.479293"], ["updated_at", "2016-01-27 18:27:10.479293"]]
  [1m[36m (0.6ms)[0m  [1mcommit transaction[0m


Started GET "/posts" for ::1 at 2016-01-27 13:27:24 -0500
Processing by PostsController#index as HTML
  [1m[35mPost Load (0.5ms)[0m  SELECT "posts".* FROM "posts"
  Rendered posts/index.html.erb within layouts/application (14.2ms)
Completed 200 OK in 1239ms (Views: 1225.9ms | ActiveRecord: 0.8ms)


Started GET "/assets/authors.self-e3b0c44298fc1c149afbf4c8996fb92427ae41e4649b934ca495991b7852b855.css?body=1" for ::1 at 2016-01-27 13:27:26 -0500


Started GET "/assets/jquery.self-a714331225dda820228db323939889f149aec0127aeb06255646b616ba1ca419.js?body=1" for ::1 at 2016-01-27 13:27:26 -0500


Started GET "/assets/jquery_ujs.self-d456baa54c1fa6be2ec3711f0a72ddf7a5b2f34a6b4f515f33767d6207b7d4b3.js?body=1" for ::1 at 2016-01-27 13:27:26 -0500


Started GET "/assets/turbolinks.self-c37727e9bd6b2735da5c311aa83fead54ed0be6cc8bd9a65309e9c5abe2cbfff.js?body=1" for ::1 at 2016-01-27 13:27:26 -0500


Started GET "/assets/authors.self-877aef30ae1b040ab8a3aba4e3e309a11d7f2612f44dde450b5c157aa5f95c05.js?body=1" for ::1 at 2016-01-27 13:27:26 -0500


Started GET "/assets/application.self-3b8dabdc891efe46b9a144b400ad69e37d7e5876bdc39dee783419a69d7ca819.js?body=1" for ::1 at 2016-01-27 13:27:26 -0500


Started GET "/" for ::1 at 2016-01-27 13:28:10 -0500
Processing by PostsController#index as HTML
  [1m[36mPost Load (0.3ms)[0m  [1mSELECT "posts".* FROM "posts"[0m
  Rendered posts/index.html.erb within layouts/application (4.7ms)
Completed 200 OK in 18ms (Views: 15.4ms | ActiveRecord: 0.6ms)


Started GET "/" for ::1 at 2016-01-27 13:29:06 -0500
Processing by PostsController#index as HTML
  [1m[35mPost Load (0.2ms)[0m  SELECT "posts".* FROM "posts"
  Rendered posts/index.html.erb within layouts/application (7.8ms)
Completed 500 Internal Server Error in 10ms (ActiveRecord: 0.2ms)

ActionView::Template::Error (undefined method `title' for nil:NilClass):
    1: <% @posts.each do |post| %>
    2:   <div>
    3:     <h1><%= @post.title %></h1>
    4:     <p><%= @post.description %></p>
    5:   </div>
    6: <% end %>
  app/views/posts/index.html.erb:3:in `block in _app_views_posts_index_html_erb__3265719187253939456_70243677631720'
  app/views/posts/index.html.erb:1:in `_app_views_posts_index_html_erb__3265719187253939456_70243677631720'


  Rendered /Users/scottcreynolds/.rvm/gems/ruby-2.1.2/gems/actionpack-4.2.5/lib/action_dispatch/middleware/templates/rescues/_source.erb (6.3ms)
  Rendered /Users/scottcreynolds/.rvm/gems/ruby-2.1.2/gems/actionpack-4.2.5/lib/action_dispatch/middleware/templates/rescues/_trace.html.erb (2.4ms)
  Rendered /Users/scottcreynolds/.rvm/gems/ruby-2.1.2/gems/actionpack-4.2.5/lib/action_dispatch/middleware/templates/rescues/_request_and_response.html.erb (0.8ms)
  Rendered /Users/scottcreynolds/.rvm/gems/ruby-2.1.2/gems/actionpack-4.2.5/lib/action_dispatch/middleware/templates/rescues/template_error.html.erb within rescues/layout (23.0ms)
  Rendered /Users/scottcreynolds/.rvm/gems/ruby-2.1.2/gems/web-console-2.2.1/lib/web_console/templates/_markup.html.erb (0.4ms)
  Rendered /Users/scottcreynolds/.rvm/gems/ruby-2.1.2/gems/web-console-2.2.1/lib/web_console/templates/_inner_console_markup.html.erb within layouts/inlined_string (0.3ms)
  Rendered /Users/scottcreynolds/.rvm/gems/ruby-2.1.2/gems/web-console-2.2.1/lib/web_console/templates/_prompt_box_markup.html.erb within layouts/inlined_string (0.3ms)
  Rendered /Users/scottcreynolds/.rvm/gems/ruby-2.1.2/gems/web-console-2.2.1/lib/web_console/templates/style.css.erb within layouts/inlined_string (0.3ms)
  Rendered /Users/scottcreynolds/.rvm/gems/ruby-2.1.2/gems/web-console-2.2.1/lib/web_console/templates/console.js.erb within layouts/javascript (15.8ms)
  Rendered /Users/scottcreynolds/.rvm/gems/ruby-2.1.2/gems/web-console-2.2.1/lib/web_console/templates/main.js.erb within layouts/javascript (0.3ms)
  Rendered /Users/scottcreynolds/.rvm/gems/ruby-2.1.2/gems/web-console-2.2.1/lib/web_console/templates/error_page.js.erb within layouts/javascript (0.4ms)
  Rendered /Users/scottcreynolds/.rvm/gems/ruby-2.1.2/gems/web-console-2.2.1/lib/web_console/templates/index.html.erb (37.8ms)


Started GET "/" for ::1 at 2016-01-27 13:29:16 -0500
Processing by PostsController#index as HTML
  [1m[36mPost Load (0.2ms)[0m  [1mSELECT "posts".* FROM "posts"[0m
  Rendered posts/index.html.erb within layouts/application (1.6ms)
Completed 200 OK in 16ms (Views: 15.8ms | ActiveRecord: 0.2ms)


Started GET "/assets/authors.self-e3b0c44298fc1c149afbf4c8996fb92427ae41e4649b934ca495991b7852b855.css?body=1" for ::1 at 2016-01-27 13:29:16 -0500


Started GET "/assets/application.self-e80e8f2318043e8af94dddc2adad5a4f09739a8ebb323b3ab31cd71d45fd9113.css?body=1" for ::1 at 2016-01-27 13:29:16 -0500


Started GET "/assets/jquery.self-a714331225dda820228db323939889f149aec0127aeb06255646b616ba1ca419.js?body=1" for ::1 at 2016-01-27 13:29:16 -0500


Started GET "/assets/jquery_ujs.self-d456baa54c1fa6be2ec3711f0a72ddf7a5b2f34a6b4f515f33767d6207b7d4b3.js?body=1" for ::1 at 2016-01-27 13:29:16 -0500


Started GET "/assets/turbolinks.self-c37727e9bd6b2735da5c311aa83fead54ed0be6cc8bd9a65309e9c5abe2cbfff.js?body=1" for ::1 at 2016-01-27 13:29:16 -0500


Started GET "/assets/application.self-3b8dabdc891efe46b9a144b400ad69e37d7e5876bdc39dee783419a69d7ca819.js?body=1" for ::1 at 2016-01-27 13:29:16 -0500


Started GET "/assets/authors.self-877aef30ae1b040ab8a3aba4e3e309a11d7f2612f44dde450b5c157aa5f95c05.js?body=1" for ::1 at 2016-01-27 13:29:16 -0500


Started GET "/" for ::1 at 2016-01-27 13:30:01 -0500
Processing by PostsController#index as HTML
  [1m[35mPost Load (0.1ms)[0m  SELECT "posts".* FROM "posts"
  [1m[36mAuthor Load (0.2ms)[0m  [1mSELECT  "authors".* FROM "authors" WHERE "authors"."id" = ? LIMIT 1[0m  [["id", 4]]
  Rendered posts/index.html.erb within layouts/application (33.9ms)
Completed 500 Internal Server Error in 36ms (ActiveRecord: 0.5ms)

ActionView::Template::Error (undefined method `author_path' for #<#<Class:0x007fc5c8c92eb8>:0x007fc5c8c91f68>):
    1: <% @posts.each do |post| %>
    2:   <div>
    3:     <h1><%= post.title %></h1>
    4:     <h3>by: <%= link_to post.author.name, author_path(post.author) %></h3>
    5:     <p><%= post.description %></p>
    6:   </div>
    7: <% end %>
  app/views/posts/index.html.erb:4:in `block in _app_views_posts_index_html_erb__3265719187253939456_70243726951820'
  app/views/posts/index.html.erb:1:in `_app_views_posts_index_html_erb__3265719187253939456_70243726951820'


  Rendered /Users/scottcreynolds/.rvm/gems/ruby-2.1.2/gems/actionpack-4.2.5/lib/action_dispatch/middleware/templates/rescues/_source.erb (5.9ms)
  Rendered /Users/scottcreynolds/.rvm/gems/ruby-2.1.2/gems/actionpack-4.2.5/lib/action_dispatch/middleware/templates/rescues/_trace.html.erb (2.2ms)
  Rendered /Users/scottcreynolds/.rvm/gems/ruby-2.1.2/gems/actionpack-4.2.5/lib/action_dispatch/middleware/templates/rescues/_request_and_response.html.erb (0.7ms)
  Rendered /Users/scottcreynolds/.rvm/gems/ruby-2.1.2/gems/actionpack-4.2.5/lib/action_dispatch/middleware/templates/rescues/template_error.html.erb within rescues/layout (19.7ms)
  Rendered /Users/scottcreynolds/.rvm/gems/ruby-2.1.2/gems/web-console-2.2.1/lib/web_console/templates/_markup.html.erb (0.2ms)
  Rendered /Users/scottcreynolds/.rvm/gems/ruby-2.1.2/gems/web-console-2.2.1/lib/web_console/templates/_inner_console_markup.html.erb within layouts/inlined_string (0.2ms)
  Rendered /Users/scottcreynolds/.rvm/gems/ruby-2.1.2/gems/web-console-2.2.1/lib/web_console/templates/_prompt_box_markup.html.erb within layouts/inlined_string (0.2ms)
  Rendered /Users/scottcreynolds/.rvm/gems/ruby-2.1.2/gems/web-console-2.2.1/lib/web_console/templates/style.css.erb within layouts/inlined_string (0.3ms)
  Rendered /Users/scottcreynolds/.rvm/gems/ruby-2.1.2/gems/web-console-2.2.1/lib/web_console/templates/console.js.erb within layouts/javascript (12.5ms)
  Rendered /Users/scottcreynolds/.rvm/gems/ruby-2.1.2/gems/web-console-2.2.1/lib/web_console/templates/main.js.erb within layouts/javascript (0.2ms)
  Rendered /Users/scottcreynolds/.rvm/gems/ruby-2.1.2/gems/web-console-2.2.1/lib/web_console/templates/error_page.js.erb within layouts/javascript (0.3ms)
  Rendered /Users/scottcreynolds/.rvm/gems/ruby-2.1.2/gems/web-console-2.2.1/lib/web_console/templates/index.html.erb (26.2ms)


Started GET "/" for ::1 at 2016-01-27 13:30:28 -0500
Processing by PostsController#index as HTML
  [1m[35mPost Load (0.4ms)[0m  SELECT "posts".* FROM "posts"
  [1m[36mAuthor Load (0.1ms)[0m  [1mSELECT  "authors".* FROM "authors" WHERE "authors"."id" = ? LIMIT 1[0m  [["id", 4]]
  [1m[35mAuthor Load (0.1ms)[0m  SELECT  "authors".* FROM "authors" WHERE "authors"."id" = ? LIMIT 1  [["id", 5]]
  [1m[36mAuthor Load (0.1ms)[0m  [1mSELECT  "authors".* FROM "authors" WHERE "authors"."id" = ? LIMIT 1[0m  [["id", 6]]
  Rendered posts/index.html.erb within layouts/application (12.1ms)
Completed 200 OK in 30ms (Views: 27.1ms | ActiveRecord: 1.1ms)


Started GET "/assets/jquery.self-a714331225dda820228db323939889f149aec0127aeb06255646b616ba1ca419.js?body=1" for ::1 at 2016-01-27 13:30:28 -0500


Started GET "/assets/authors.self-e3b0c44298fc1c149afbf4c8996fb92427ae41e4649b934ca495991b7852b855.css?body=1" for ::1 at 2016-01-27 13:30:28 -0500


Started GET "/assets/application.self-e80e8f2318043e8af94dddc2adad5a4f09739a8ebb323b3ab31cd71d45fd9113.css?body=1" for ::1 at 2016-01-27 13:30:28 -0500


Started GET "/assets/jquery_ujs.self-d456baa54c1fa6be2ec3711f0a72ddf7a5b2f34a6b4f515f33767d6207b7d4b3.js?body=1" for ::1 at 2016-01-27 13:30:28 -0500


Started GET "/assets/turbolinks.self-c37727e9bd6b2735da5c311aa83fead54ed0be6cc8bd9a65309e9c5abe2cbfff.js?body=1" for ::1 at 2016-01-27 13:30:28 -0500


Started GET "/assets/application.self-3b8dabdc891efe46b9a144b400ad69e37d7e5876bdc39dee783419a69d7ca819.js?body=1" for ::1 at 2016-01-27 13:30:28 -0500


Started GET "/assets/authors.self-877aef30ae1b040ab8a3aba4e3e309a11d7f2612f44dde450b5c157aa5f95c05.js?body=1" for ::1 at 2016-01-27 13:30:28 -0500


Started GET "/authors/4" for ::1 at 2016-01-27 13:30:31 -0500
Processing by AuthorsController#show as HTML
  Parameters: {"id"=>"4"}
  [1m[35mAuthor Load (0.1ms)[0m  SELECT  "authors".* FROM "authors" WHERE "authors"."id" = ? LIMIT 1  [["id", 4]]
  [1m[36mPost Load (0.2ms)[0m  [1mSELECT "posts".* FROM "posts" WHERE "posts"."author_id" = ?[0m  [["author_id", 4]]
  Rendered authors/show.html.erb within layouts/application (8.3ms)
Completed 200 OK in 24ms (Views: 20.0ms | ActiveRecord: 0.3ms)


Started GET "/" for ::1 at 2016-01-27 13:31:23 -0500
Processing by PostsController#index as HTML
  [1m[35mPost Load (0.1ms)[0m  SELECT "posts".* FROM "posts"
  [1m[36mAuthor Load (0.1ms)[0m  [1mSELECT  "authors".* FROM "authors" WHERE "authors"."id" = ? LIMIT 1[0m  [["id", 4]]
  [1m[35mAuthor Load (0.1ms)[0m  SELECT  "authors".* FROM "authors" WHERE "authors"."id" = ? LIMIT 1  [["id", 5]]
  [1m[36mAuthor Load (0.1ms)[0m  [1mSELECT  "authors".* FROM "authors" WHERE "authors"."id" = ? LIMIT 1[0m  [["id", 6]]
  Rendered posts/index.html.erb within layouts/application (2.4ms)
Completed 200 OK in 28ms (Views: 27.6ms | ActiveRecord: 0.3ms)


Started GET "/assets/jquery.self-a714331225dda820228db323939889f149aec0127aeb06255646b616ba1ca419.js?body=1" for ::1 at 2016-01-27 13:31:23 -0500


Started GET "/assets/authors.self-e3b0c44298fc1c149afbf4c8996fb92427ae41e4649b934ca495991b7852b855.css?body=1" for ::1 at 2016-01-27 13:31:23 -0500


Started GET "/assets/jquery_ujs.self-d456baa54c1fa6be2ec3711f0a72ddf7a5b2f34a6b4f515f33767d6207b7d4b3.js?body=1" for ::1 at 2016-01-27 13:31:23 -0500


Started GET "/assets/application.self-e80e8f2318043e8af94dddc2adad5a4f09739a8ebb323b3ab31cd71d45fd9113.css?body=1" for ::1 at 2016-01-27 13:31:23 -0500


Started GET "/assets/turbolinks.self-c37727e9bd6b2735da5c311aa83fead54ed0be6cc8bd9a65309e9c5abe2cbfff.js?body=1" for ::1 at 2016-01-27 13:31:23 -0500


Started GET "/assets/authors.self-877aef30ae1b040ab8a3aba4e3e309a11d7f2612f44dde450b5c157aa5f95c05.js?body=1" for ::1 at 2016-01-27 13:31:23 -0500


Started GET "/assets/application.self-3b8dabdc891efe46b9a144b400ad69e37d7e5876bdc39dee783419a69d7ca819.js?body=1" for ::1 at 2016-01-27 13:31:23 -0500


Started GET "/" for ::1 at 2016-01-27 13:31:51 -0500
Processing by PostsController#index as HTML
  [1m[35mPost Load (0.1ms)[0m  SELECT "posts".* FROM "posts"
  [1m[36mAuthor Load (0.1ms)[0m  [1mSELECT  "authors".* FROM "authors" WHERE "authors"."id" = ? LIMIT 1[0m  [["id", 4]]
  [1m[35mAuthor Load (0.1ms)[0m  SELECT  "authors".* FROM "authors" WHERE "authors"."id" = ? LIMIT 1  [["id", 5]]
  [1m[36mAuthor Load (0.1ms)[0m  [1mSELECT  "authors".* FROM "authors" WHERE "authors"."id" = ? LIMIT 1[0m  [["id", 6]]
  Rendered posts/index.html.erb within layouts/application (2.4ms)
Completed 200 OK in 17ms (Views: 16.1ms | ActiveRecord: 0.3ms)


Started GET "/assets/authors.self-e3b0c44298fc1c149afbf4c8996fb92427ae41e4649b934ca495991b7852b855.css?body=1" for ::1 at 2016-01-27 13:31:51 -0500


Started GET "/assets/application.self-e80e8f2318043e8af94dddc2adad5a4f09739a8ebb323b3ab31cd71d45fd9113.css?body=1" for ::1 at 2016-01-27 13:31:51 -0500


Started GET "/assets/application.self-3b8dabdc891efe46b9a144b400ad69e37d7e5876bdc39dee783419a69d7ca819.js?body=1" for ::1 at 2016-01-27 13:31:51 -0500


Started GET "/assets/turbolinks.self-c37727e9bd6b2735da5c311aa83fead54ed0be6cc8bd9a65309e9c5abe2cbfff.js?body=1" for ::1 at 2016-01-27 13:31:51 -0500


Started GET "/assets/authors.self-877aef30ae1b040ab8a3aba4e3e309a11d7f2612f44dde450b5c157aa5f95c05.js?body=1" for ::1 at 2016-01-27 13:31:51 -0500


Started GET "/assets/jquery.self-a714331225dda820228db323939889f149aec0127aeb06255646b616ba1ca419.js?body=1" for ::1 at 2016-01-27 13:31:51 -0500


Started GET "/assets/jquery_ujs.self-d456baa54c1fa6be2ec3711f0a72ddf7a5b2f34a6b4f515f33767d6207b7d4b3.js?body=1" for ::1 at 2016-01-27 13:31:51 -0500


Started GET "/" for ::1 at 2016-01-27 13:32:01 -0500
Processing by PostsController#index as HTML
  [1m[35mPost Load (0.1ms)[0m  SELECT "posts".* FROM "posts"
  [1m[36mAuthor Load (0.1ms)[0m  [1mSELECT  "authors".* FROM "authors" WHERE "authors"."id" = ? LIMIT 1[0m  [["id", 4]]
  [1m[35mAuthor Load (0.1ms)[0m  SELECT  "authors".* FROM "authors" WHERE "authors"."id" = ? LIMIT 1  [["id", 5]]
  [1m[36mAuthor Load (0.1ms)[0m  [1mSELECT  "authors".* FROM "authors" WHERE "authors"."id" = ? LIMIT 1[0m  [["id", 6]]
  Rendered posts/index.html.erb within layouts/application (2.3ms)
Completed 200 OK in 12ms (Views: 11.8ms | ActiveRecord: 0.3ms)


Started GET "/assets/authors.self-e3b0c44298fc1c149afbf4c8996fb92427ae41e4649b934ca495991b7852b855.css?body=1" for ::1 at 2016-01-27 13:32:01 -0500


Started GET "/assets/application.self-e80e8f2318043e8af94dddc2adad5a4f09739a8ebb323b3ab31cd71d45fd9113.css?body=1" for ::1 at 2016-01-27 13:32:01 -0500


Started GET "/assets/turbolinks.self-c37727e9bd6b2735da5c311aa83fead54ed0be6cc8bd9a65309e9c5abe2cbfff.js?body=1" for ::1 at 2016-01-27 13:32:01 -0500


Started GET "/assets/jquery_ujs.self-d456baa54c1fa6be2ec3711f0a72ddf7a5b2f34a6b4f515f33767d6207b7d4b3.js?body=1" for ::1 at 2016-01-27 13:32:01 -0500


Started GET "/assets/jquery.self-a714331225dda820228db323939889f149aec0127aeb06255646b616ba1ca419.js?body=1" for ::1 at 2016-01-27 13:32:01 -0500


Started GET "/assets/application.self-3b8dabdc891efe46b9a144b400ad69e37d7e5876bdc39dee783419a69d7ca819.js?body=1" for ::1 at 2016-01-27 13:32:01 -0500


Started GET "/assets/authors.self-877aef30ae1b040ab8a3aba4e3e309a11d7f2612f44dde450b5c157aa5f95c05.js?body=1" for ::1 at 2016-01-27 13:32:01 -0500


Started GET "/" for ::1 at 2016-01-27 13:41:32 -0500
Processing by PostsController#index as HTML
  [1m[35mAuthor Load (0.6ms)[0m  SELECT "authors".* FROM "authors"
  [1m[36mPost Load (0.3ms)[0m  [1mSELECT "posts".* FROM "posts"[0m
  [1m[35mAuthor Load (0.2ms)[0m  SELECT  "authors".* FROM "authors" WHERE "authors"."id" = ? LIMIT 1  [["id", 4]]
  [1m[36mAuthor Load (0.1ms)[0m  [1mSELECT  "authors".* FROM "authors" WHERE "authors"."id" = ? LIMIT 1[0m  [["id", 5]]
  [1m[35mAuthor Load (0.1ms)[0m  SELECT  "authors".* FROM "authors" WHERE "authors"."id" = ? LIMIT 1  [["id", 6]]
  Rendered posts/index.html.erb within layouts/application (22.4ms)
Completed 200 OK in 69ms (Views: 60.5ms | ActiveRecord: 1.2ms)


Started GET "/assets/application.self-e80e8f2318043e8af94dddc2adad5a4f09739a8ebb323b3ab31cd71d45fd9113.css?body=1" for ::1 at 2016-01-27 13:41:33 -0500


Started GET "/assets/authors.self-e3b0c44298fc1c149afbf4c8996fb92427ae41e4649b934ca495991b7852b855.css?body=1" for ::1 at 2016-01-27 13:41:33 -0500


Started GET "/assets/turbolinks.self-c37727e9bd6b2735da5c311aa83fead54ed0be6cc8bd9a65309e9c5abe2cbfff.js?body=1" for ::1 at 2016-01-27 13:41:33 -0500


Started GET "/assets/jquery.self-a714331225dda820228db323939889f149aec0127aeb06255646b616ba1ca419.js?body=1" for ::1 at 2016-01-27 13:41:33 -0500


Started GET "/assets/jquery_ujs.self-d456baa54c1fa6be2ec3711f0a72ddf7a5b2f34a6b4f515f33767d6207b7d4b3.js?body=1" for ::1 at 2016-01-27 13:41:33 -0500


Started GET "/assets/authors.self-877aef30ae1b040ab8a3aba4e3e309a11d7f2612f44dde450b5c157aa5f95c05.js?body=1" for ::1 at 2016-01-27 13:41:33 -0500


Started GET "/assets/application.self-3b8dabdc891efe46b9a144b400ad69e37d7e5876bdc39dee783419a69d7ca819.js?body=1" for ::1 at 2016-01-27 13:41:33 -0500
  [1m[36mAuthor Load (1.7ms)[0m  [1mSELECT "authors".* FROM "authors"[0m
  [1m[35m (0.2ms)[0m  SELECT COUNT(*) FROM "authors"
  [1m[36mActiveRecord::SchemaMigration Load (0.1ms)[0m  [1mSELECT "schema_migrations".* FROM "schema_migrations"[0m
  [1m[35mPost Load (0.2ms)[0m  SELECT "posts".* FROM "posts"
  [1m[36m (0.0ms)[0m  [1mbegin transaction[0m
  [1m[35mSQL (0.3ms)[0m  DELETE FROM "posts" WHERE "posts"."id" = ?  [["id", 1]]
  [1m[36m (0.6ms)[0m  [1mcommit transaction[0m
  [1m[35m (0.0ms)[0m  begin transaction
  [1m[36mSQL (0.1ms)[0m  [1mDELETE FROM "posts" WHERE "posts"."id" = ?[0m  [["id", 2]]
  [1m[35m (0.5ms)[0m  commit transaction
  [1m[36m (0.1ms)[0m  [1mbegin transaction[0m
  [1m[35mSQL (0.1ms)[0m  DELETE FROM "posts" WHERE "posts"."id" = ?  [["id", 3]]
  [1m[36m (0.7ms)[0m  [1mcommit transaction[0m
  [1m[35mAuthor Load (0.1ms)[0m  SELECT "authors".* FROM "authors"
  [1m[36m (0.0ms)[0m  [1mbegin transaction[0m
  [1m[35mSQL (0.2ms)[0m  DELETE FROM "authors" WHERE "authors"."id" = ?  [["id", 1]]
  [1m[36m (0.5ms)[0m  [1mcommit transaction[0m
  [1m[35m (0.0ms)[0m  begin transaction
  [1m[36mSQL (0.1ms)[0m  [1mDELETE FROM "authors" WHERE "authors"."id" = ?[0m  [["id", 2]]
  [1m[35m (0.4ms)[0m  commit transaction
  [1m[36m (0.0ms)[0m  [1mbegin transaction[0m
  [1m[35mSQL (0.1ms)[0m  DELETE FROM "authors" WHERE "authors"."id" = ?  [["id", 3]]
  [1m[36m (0.5ms)[0m  [1mcommit transaction[0m
  [1m[35m (0.0ms)[0m  begin transaction
  [1m[36mSQL (0.2ms)[0m  [1mDELETE FROM "authors" WHERE "authors"."id" = ?[0m  [["id", 4]]
  [1m[35m (0.4ms)[0m  commit transaction
  [1m[36m (0.0ms)[0m  [1mbegin transaction[0m
  [1m[35mSQL (0.1ms)[0m  DELETE FROM "authors" WHERE "authors"."id" = ?  [["id", 5]]
  [1m[36m (0.4ms)[0m  [1mcommit transaction[0m
  [1m[35m (0.0ms)[0m  begin transaction
  [1m[36mSQL (0.1ms)[0m  [1mDELETE FROM "authors" WHERE "authors"."id" = ?[0m  [["id", 6]]
  [1m[35m (0.5ms)[0m  commit transaction
  [1m[36m (0.0ms)[0m  [1mbegin transaction[0m
  [1m[35mSQL (0.3ms)[0m  INSERT INTO "authors" ("name", "genre", "bio", "created_at", "updated_at") VALUES (?, ?, ?, ?, ?)  [["name", "Stephen King"], ["genre", "Romance"], ["bio", "Writes a lot of scary things."], ["created_at", "2016-01-27 18:42:45.134170"], ["updated_at", "2016-01-27 18:42:45.134170"]]
  [1m[36m (0.5ms)[0m  [1mcommit transaction[0m
  [1m[35m (0.0ms)[0m  begin transaction
  [1m[36mSQL (0.2ms)[0m  [1mINSERT INTO "authors" ("name", "genre", "bio", "created_at", "updated_at") VALUES (?, ?, ?, ?, ?)[0m  [["name", "Ariana Huffington"], ["genre", "Comedy"], ["bio", "Up and comer. One to watch."], ["created_at", "2016-01-27 18:42:45.136361"], ["updated_at", "2016-01-27 18:42:45.136361"]]
  [1m[35m (0.4ms)[0m  commit transaction
  [1m[36m (0.0ms)[0m  [1mbegin transaction[0m
  [1m[35mSQL (0.1ms)[0m  INSERT INTO "authors" ("name", "genre", "bio", "created_at", "updated_at") VALUES (?, ?, ?, ?, ?)  [["name", "Horse Ebooks"], ["genre", "?????"], ["bio", "Eclectic."], ["created_at", "2016-01-27 18:42:45.137913"], ["updated_at", "2016-01-27 18:42:45.137913"]]
  [1m[36m (0.5ms)[0m  [1mcommit transaction[0m
  [1m[35m (0.0ms)[0m  begin transaction
  [1m[36mSQL (0.3ms)[0m  [1mINSERT INTO "posts" ("title", "description", "author_id", "created_at", "updated_at") VALUES (?, ?, ?, ?, ?)[0m  [["title", "Something About Democrats"], ["description", "  Last night I dreamt there is more to life than to bully friends.\n  What has that got to do with Democrats, you probably wonder...\n  The answer is here. Right here. Back in school my hair was silly.\n  Nevermind about the details, but... In a nut-shell: And still,\n  it was strange. Using Google, I found a 12-sided dice.\n  Which would be nothing special but...\n"], ["author_id", 7], ["created_at", "2016-01-27 18:42:45.144584"], ["updated_at", "2016-01-27 18:42:45.144584"]]
  [1m[35m (0.6ms)[0m  commit transaction
  [1m[36m (0.0ms)[0m  [1mbegin transaction[0m
  [1m[35mSQL (0.1ms)[0m  INSERT INTO "posts" ("title", "description", "author_id", "created_at", "updated_at") VALUES (?, ?, ?, ?, ?)  [["title", "Spam Spam Spam"], ["description", "  It occurred to me that no matter what cards you are dealt,\n  you need to enjoy the small joys. How is this related to Spam, you ask.\n  Fair enough. OK, I will tell you something here now...\n  Sometime around last year I loved movies. Yeah, just what it sounds like.\n  In a nut-shell: And still, it was strange. I collided with the powers of a my computer,\n  broken and gray. And here's why this matters...\n"], ["author_id", 8], ["created_at", "2016-01-27 18:42:45.146754"], ["updated_at", "2016-01-27 18:42:45.146754"]]
  [1m[36m (0.6ms)[0m  [1mcommit transaction[0m
  [1m[35m (0.0ms)[0m  begin transaction
  [1m[36mSQL (0.2ms)[0m  [1mINSERT INTO "posts" ("title", "description", "author_id", "created_at", "updated_at") VALUES (?, ?, ?, ?, ?)[0m  [["title", "Links! Click Links!"], ["description", "  Last night I dreamt we simply need to realize to be so competitive.\n  Does the responsibility lie with Links, you probably wonder...\n  The answer is here. Right here. About the time I broke up with my\n  ex I was totally into music. Whatever. So that's that.\n  But something wasn't right. I stumbled upon a giant banana.\n"], ["author_id", 9], ["created_at", "2016-01-27 18:42:45.148623"], ["updated_at", "2016-01-27 18:42:45.148623"]]
  [1m[35m (0.5ms)[0m  commit transaction


Started GET "/" for ::1 at 2016-01-27 13:42:46 -0500
Processing by PostsController#index as HTML
  [1m[36mAuthor Load (0.3ms)[0m  [1mSELECT "authors".* FROM "authors"[0m
  [1m[35mPost Load (0.1ms)[0m  SELECT "posts".* FROM "posts"
  [1m[36mAuthor Load (0.1ms)[0m  [1mSELECT  "authors".* FROM "authors" WHERE "authors"."id" = ? LIMIT 1[0m  [["id", 7]]
  [1m[35mAuthor Load (0.1ms)[0m  SELECT  "authors".* FROM "authors" WHERE "authors"."id" = ? LIMIT 1  [["id", 8]]
  [1m[36mAuthor Load (0.1ms)[0m  [1mSELECT  "authors".* FROM "authors" WHERE "authors"."id" = ? LIMIT 1[0m  [["id", 9]]
  Rendered posts/index.html.erb within layouts/application (3.4ms)
Completed 200 OK in 23ms (Views: 22.2ms | ActiveRecord: 0.6ms)


Started GET "/assets/application.self-e80e8f2318043e8af94dddc2adad5a4f09739a8ebb323b3ab31cd71d45fd9113.css?body=1" for ::1 at 2016-01-27 13:42:46 -0500


Started GET "/assets/authors.self-e3b0c44298fc1c149afbf4c8996fb92427ae41e4649b934ca495991b7852b855.css?body=1" for ::1 at 2016-01-27 13:42:46 -0500


Started GET "/assets/jquery_ujs.self-d456baa54c1fa6be2ec3711f0a72ddf7a5b2f34a6b4f515f33767d6207b7d4b3.js?body=1" for ::1 at 2016-01-27 13:42:46 -0500


Started GET "/assets/application.self-3b8dabdc891efe46b9a144b400ad69e37d7e5876bdc39dee783419a69d7ca819.js?body=1" for ::1 at 2016-01-27 13:42:46 -0500


Started GET "/assets/jquery.self-a714331225dda820228db323939889f149aec0127aeb06255646b616ba1ca419.js?body=1" for ::1 at 2016-01-27 13:42:46 -0500


Started GET "/assets/authors.self-877aef30ae1b040ab8a3aba4e3e309a11d7f2612f44dde450b5c157aa5f95c05.js?body=1" for ::1 at 2016-01-27 13:42:46 -0500


Started GET "/assets/turbolinks.self-c37727e9bd6b2735da5c311aa83fead54ed0be6cc8bd9a65309e9c5abe2cbfff.js?body=1" for ::1 at 2016-01-27 13:42:46 -0500


Started GET "/" for ::1 at 2016-01-27 13:46:12 -0500
Processing by PostsController#index as HTML
  [1m[35mAuthor Load (0.6ms)[0m  SELECT "authors".* FROM "authors"
  [1m[36mPost Load (0.3ms)[0m  [1mSELECT "posts".* FROM "posts"[0m
  [1m[35mAuthor Load (0.3ms)[0m  SELECT  "authors".* FROM "authors" WHERE "authors"."id" = ? LIMIT 1  [["id", 7]]
  [1m[36mAuthor Load (0.1ms)[0m  [1mSELECT  "authors".* FROM "authors" WHERE "authors"."id" = ? LIMIT 1[0m  [["id", 8]]
  [1m[35mAuthor Load (0.1ms)[0m  SELECT  "authors".* FROM "authors" WHERE "authors"."id" = ? LIMIT 1  [["id", 9]]
  Rendered posts/index.html.erb within layouts/application (20.4ms)
Completed 200 OK in 66ms (Views: 59.1ms | ActiveRecord: 1.4ms)


Started GET "/assets/application.self-e80e8f2318043e8af94dddc2adad5a4f09739a8ebb323b3ab31cd71d45fd9113.css?body=1" for ::1 at 2016-01-27 13:46:12 -0500


Started GET "/assets/authors.self-e3b0c44298fc1c149afbf4c8996fb92427ae41e4649b934ca495991b7852b855.css?body=1" for ::1 at 2016-01-27 13:46:12 -0500


Started GET "/assets/jquery_ujs.self-d456baa54c1fa6be2ec3711f0a72ddf7a5b2f34a6b4f515f33767d6207b7d4b3.js?body=1" for ::1 at 2016-01-27 13:46:12 -0500


Started GET "/assets/jquery.self-a714331225dda820228db323939889f149aec0127aeb06255646b616ba1ca419.js?body=1" for ::1 at 2016-01-27 13:46:12 -0500


Started GET "/assets/turbolinks.self-c37727e9bd6b2735da5c311aa83fead54ed0be6cc8bd9a65309e9c5abe2cbfff.js?body=1" for ::1 at 2016-01-27 13:46:12 -0500


Started GET "/assets/authors.self-877aef30ae1b040ab8a3aba4e3e309a11d7f2612f44dde450b5c157aa5f95c05.js?body=1" for ::1 at 2016-01-27 13:46:12 -0500


Started GET "/assets/application.self-3b8dabdc891efe46b9a144b400ad69e37d7e5876bdc39dee783419a69d7ca819.js?body=1" for ::1 at 2016-01-27 13:46:12 -0500


Started GET "/posts/index?utf8=%E2%9C%93&author=8&commit=Filter" for ::1 at 2016-01-27 13:46:15 -0500
Processing by PostsController#show as HTML
  Parameters: {"utf8"=>"✓", "author"=>"8", "commit"=>"Filter", "id"=>"index"}
  [1m[36mPost Load (0.2ms)[0m  [1mSELECT  "posts".* FROM "posts" WHERE "posts"."id" = ? LIMIT 1[0m  [["id", 0]]
Completed 404 Not Found in 3ms (ActiveRecord: 0.2ms)

ActiveRecord::RecordNotFound (Couldn't find Post with 'id'=index):
  app/controllers/posts_controller.rb:7:in `show'


  Rendered /Users/scottcreynolds/.rvm/gems/ruby-2.1.2/gems/actionpack-4.2.5/lib/action_dispatch/middleware/templates/rescues/_source.erb (4.5ms)
  Rendered /Users/scottcreynolds/.rvm/gems/ruby-2.1.2/gems/actionpack-4.2.5/lib/action_dispatch/middleware/templates/rescues/_trace.html.erb (2.3ms)
  Rendered /Users/scottcreynolds/.rvm/gems/ruby-2.1.2/gems/actionpack-4.2.5/lib/action_dispatch/middleware/templates/rescues/_request_and_response.html.erb (1.1ms)
  Rendered /Users/scottcreynolds/.rvm/gems/ruby-2.1.2/gems/actionpack-4.2.5/lib/action_dispatch/middleware/templates/rescues/diagnostics.html.erb within rescues/layout (21.2ms)
  Rendered /Users/scottcreynolds/.rvm/gems/ruby-2.1.2/gems/web-console-2.2.1/lib/web_console/templates/_markup.html.erb (0.3ms)
  Rendered /Users/scottcreynolds/.rvm/gems/ruby-2.1.2/gems/web-console-2.2.1/lib/web_console/templates/_inner_console_markup.html.erb within layouts/inlined_string (0.3ms)
  Rendered /Users/scottcreynolds/.rvm/gems/ruby-2.1.2/gems/web-console-2.2.1/lib/web_console/templates/_prompt_box_markup.html.erb within layouts/inlined_string (0.2ms)
  Rendered /Users/scottcreynolds/.rvm/gems/ruby-2.1.2/gems/web-console-2.2.1/lib/web_console/templates/style.css.erb within layouts/inlined_string (0.3ms)
  Rendered /Users/scottcreynolds/.rvm/gems/ruby-2.1.2/gems/web-console-2.2.1/lib/web_console/templates/console.js.erb within layouts/javascript (15.6ms)
  Rendered /Users/scottcreynolds/.rvm/gems/ruby-2.1.2/gems/web-console-2.2.1/lib/web_console/templates/main.js.erb within layouts/javascript (0.2ms)
  Rendered /Users/scottcreynolds/.rvm/gems/ruby-2.1.2/gems/web-console-2.2.1/lib/web_console/templates/error_page.js.erb within layouts/javascript (0.3ms)
  Rendered /Users/scottcreynolds/.rvm/gems/ruby-2.1.2/gems/web-console-2.2.1/lib/web_console/templates/index.html.erb (33.5ms)


Started GET "/posts/index?utf8=%E2%9C%93&author=8&commit=Filter" for ::1 at 2016-01-27 13:46:38 -0500
Processing by PostsController#show as HTML
  Parameters: {"utf8"=>"✓", "author"=>"8", "commit"=>"Filter", "id"=>"index"}
  [1m[35mPost Load (0.1ms)[0m  SELECT  "posts".* FROM "posts" WHERE "posts"."id" = ? LIMIT 1  [["id", 0]]
Completed 404 Not Found in 1ms (ActiveRecord: 0.1ms)

ActiveRecord::RecordNotFound (Couldn't find Post with 'id'=index):
  app/controllers/posts_controller.rb:7:in `show'


  Rendered /Users/scottcreynolds/.rvm/gems/ruby-2.1.2/gems/actionpack-4.2.5/lib/action_dispatch/middleware/templates/rescues/_source.erb (18.8ms)
  Rendered /Users/scottcreynolds/.rvm/gems/ruby-2.1.2/gems/actionpack-4.2.5/lib/action_dispatch/middleware/templates/rescues/_trace.html.erb (2.6ms)
  Rendered /Users/scottcreynolds/.rvm/gems/ruby-2.1.2/gems/actionpack-4.2.5/lib/action_dispatch/middleware/templates/rescues/_request_and_response.html.erb (0.9ms)
  Rendered /Users/scottcreynolds/.rvm/gems/ruby-2.1.2/gems/actionpack-4.2.5/lib/action_dispatch/middleware/templates/rescues/diagnostics.html.erb within rescues/layout (33.1ms)
  Rendered /Users/scottcreynolds/.rvm/gems/ruby-2.1.2/gems/web-console-2.2.1/lib/web_console/templates/_markup.html.erb (0.2ms)
  Rendered /Users/scottcreynolds/.rvm/gems/ruby-2.1.2/gems/web-console-2.2.1/lib/web_console/templates/_inner_console_markup.html.erb within layouts/inlined_string (0.2ms)
  Rendered /Users/scottcreynolds/.rvm/gems/ruby-2.1.2/gems/web-console-2.2.1/lib/web_console/templates/_prompt_box_markup.html.erb within layouts/inlined_string (0.3ms)
  Rendered /Users/scottcreynolds/.rvm/gems/ruby-2.1.2/gems/web-console-2.2.1/lib/web_console/templates/style.css.erb within layouts/inlined_string (0.2ms)
  Rendered /Users/scottcreynolds/.rvm/gems/ruby-2.1.2/gems/web-console-2.2.1/lib/web_console/templates/console.js.erb within layouts/javascript (12.7ms)
  Rendered /Users/scottcreynolds/.rvm/gems/ruby-2.1.2/gems/web-console-2.2.1/lib/web_console/templates/main.js.erb within layouts/javascript (0.2ms)
  Rendered /Users/scottcreynolds/.rvm/gems/ruby-2.1.2/gems/web-console-2.2.1/lib/web_console/templates/error_page.js.erb within layouts/javascript (0.4ms)
  Rendered /Users/scottcreynolds/.rvm/gems/ruby-2.1.2/gems/web-console-2.2.1/lib/web_console/templates/index.html.erb (26.8ms)


Started GET "/" for ::1 at 2016-01-27 13:46:41 -0500
Processing by PostsController#index as HTML
  [1m[36mAuthor Load (0.1ms)[0m  [1mSELECT "authors".* FROM "authors"[0m
  [1m[35mPost Load (0.1ms)[0m  SELECT "posts".* FROM "posts"
  [1m[36mAuthor Load (0.1ms)[0m  [1mSELECT  "authors".* FROM "authors" WHERE "authors"."id" = ? LIMIT 1[0m  [["id", 7]]
  [1m[35mAuthor Load (0.1ms)[0m  SELECT  "authors".* FROM "authors" WHERE "authors"."id" = ? LIMIT 1  [["id", 8]]
  [1m[36mAuthor Load (0.1ms)[0m  [1mSELECT  "authors".* FROM "authors" WHERE "authors"."id" = ? LIMIT 1[0m  [["id", 9]]
  Rendered posts/index.html.erb within layouts/application (4.1ms)
Completed 200 OK in 22ms (Views: 20.4ms | ActiveRecord: 0.4ms)


Started GET "/assets/application.self-e80e8f2318043e8af94dddc2adad5a4f09739a8ebb323b3ab31cd71d45fd9113.css?body=1" for ::1 at 2016-01-27 13:46:41 -0500


Started GET "/assets/authors.self-e3b0c44298fc1c149afbf4c8996fb92427ae41e4649b934ca495991b7852b855.css?body=1" for ::1 at 2016-01-27 13:46:41 -0500


Started GET "/assets/turbolinks.self-c37727e9bd6b2735da5c311aa83fead54ed0be6cc8bd9a65309e9c5abe2cbfff.js?body=1" for ::1 at 2016-01-27 13:46:41 -0500


Started GET "/assets/jquery_ujs.self-d456baa54c1fa6be2ec3711f0a72ddf7a5b2f34a6b4f515f33767d6207b7d4b3.js?body=1" for ::1 at 2016-01-27 13:46:41 -0500


Started GET "/assets/authors.self-877aef30ae1b040ab8a3aba4e3e309a11d7f2612f44dde450b5c157aa5f95c05.js?body=1" for ::1 at 2016-01-27 13:46:41 -0500


Started GET "/assets/application.self-3b8dabdc891efe46b9a144b400ad69e37d7e5876bdc39dee783419a69d7ca819.js?body=1" for ::1 at 2016-01-27 13:46:41 -0500


Started GET "/assets/jquery.self-a714331225dda820228db323939889f149aec0127aeb06255646b616ba1ca419.js?body=1" for ::1 at 2016-01-27 13:46:41 -0500


Started GET "/posts?utf8=%E2%9C%93&author=8&commit=Filter" for ::1 at 2016-01-27 13:46:43 -0500
Processing by PostsController#index as HTML
  Parameters: {"utf8"=>"✓", "author"=>"8", "commit"=>"Filter"}
  [1m[35mAuthor Load (0.1ms)[0m  SELECT "authors".* FROM "authors"
  [1m[36mPost Load (0.1ms)[0m  [1mSELECT "posts".* FROM "posts"[0m
  [1m[35mAuthor Load (0.1ms)[0m  SELECT  "authors".* FROM "authors" WHERE "authors"."id" = ? LIMIT 1  [["id", 7]]
  [1m[36mAuthor Load (0.1ms)[0m  [1mSELECT  "authors".* FROM "authors" WHERE "authors"."id" = ? LIMIT 1[0m  [["id", 8]]
  [1m[35mAuthor Load (0.1ms)[0m  SELECT  "authors".* FROM "authors" WHERE "authors"."id" = ? LIMIT 1  [["id", 9]]
  Rendered posts/index.html.erb within layouts/application (2.7ms)
Completed 200 OK in 14ms (Views: 13.4ms | ActiveRecord: 0.4ms)


Started GET "/posts?utf8=%E2%9C%93&author=8&commit=Filter" for ::1 at 2016-01-27 13:55:23 -0500
Processing by PostsController#index as HTML
  Parameters: {"utf8"=>"✓", "author"=>"8", "commit"=>"Filter"}
  [1m[36mAuthor Load (0.1ms)[0m  [1mSELECT "authors".* FROM "authors"[0m
  [1m[35mPost Load (0.2ms)[0m  SELECT "posts".* FROM "posts" WHERE "posts"."author_id" = 8
  [1m[36mAuthor Load (0.2ms)[0m  [1mSELECT  "authors".* FROM "authors" WHERE "authors"."id" = ? LIMIT 1[0m  [["id", 8]]
  Rendered posts/index.html.erb within layouts/application (23.0ms)
Completed 200 OK in 61ms (Views: 53.9ms | ActiveRecord: 1.2ms)


Started GET "/assets/application.self-e80e8f2318043e8af94dddc2adad5a4f09739a8ebb323b3ab31cd71d45fd9113.css?body=1" for ::1 at 2016-01-27 13:55:24 -0500


Started GET "/assets/jquery.self-a714331225dda820228db323939889f149aec0127aeb06255646b616ba1ca419.js?body=1" for ::1 at 2016-01-27 13:55:24 -0500


Started GET "/assets/authors.self-e3b0c44298fc1c149afbf4c8996fb92427ae41e4649b934ca495991b7852b855.css?body=1" for ::1 at 2016-01-27 13:55:24 -0500


Started GET "/assets/turbolinks.self-c37727e9bd6b2735da5c311aa83fead54ed0be6cc8bd9a65309e9c5abe2cbfff.js?body=1" for ::1 at 2016-01-27 13:55:24 -0500


Started GET "/assets/authors.self-877aef30ae1b040ab8a3aba4e3e309a11d7f2612f44dde450b5c157aa5f95c05.js?body=1" for ::1 at 2016-01-27 13:55:24 -0500


Started GET "/assets/application.self-3b8dabdc891efe46b9a144b400ad69e37d7e5876bdc39dee783419a69d7ca819.js?body=1" for ::1 at 2016-01-27 13:55:24 -0500


Started GET "/assets/jquery_ujs.self-d456baa54c1fa6be2ec3711f0a72ddf7a5b2f34a6b4f515f33767d6207b7d4b3.js?body=1" for ::1 at 2016-01-27 13:55:24 -0500


Started GET "/posts" for ::1 at 2016-01-27 13:55:29 -0500
Processing by PostsController#index as HTML
  [1m[35mAuthor Load (0.1ms)[0m  SELECT "authors".* FROM "authors"
  [1m[36mPost Load (0.1ms)[0m  [1mSELECT "posts".* FROM "posts"[0m
  [1m[35mAuthor Load (0.1ms)[0m  SELECT  "authors".* FROM "authors" WHERE "authors"."id" = ? LIMIT 1  [["id", 7]]
  [1m[36mAuthor Load (0.1ms)[0m  [1mSELECT  "authors".* FROM "authors" WHERE "authors"."id" = ? LIMIT 1[0m  [["id", 8]]
  [1m[35mAuthor Load (0.1ms)[0m  SELECT  "authors".* FROM "authors" WHERE "authors"."id" = ? LIMIT 1  [["id", 9]]
  Rendered posts/index.html.erb within layouts/application (2.5ms)
Completed 200 OK in 16ms (Views: 15.0ms | ActiveRecord: 0.4ms)


Started GET "/posts?utf8=%E2%9C%93&author=7&commit=Filter" for ::1 at 2016-01-27 13:55:32 -0500
Processing by PostsController#index as HTML
  Parameters: {"utf8"=>"✓", "author"=>"7", "commit"=>"Filter"}
  [1m[36mAuthor Load (0.1ms)[0m  [1mSELECT "authors".* FROM "authors"[0m
  [1m[35mPost Load (0.1ms)[0m  SELECT "posts".* FROM "posts" WHERE "posts"."author_id" = 7
  [1m[36mAuthor Load (0.1ms)[0m  [1mSELECT  "authors".* FROM "authors" WHERE "authors"."id" = ? LIMIT 1[0m  [["id", 7]]
  Rendered posts/index.html.erb within layouts/application (2.1ms)
Completed 200 OK in 14ms (Views: 13.1ms | ActiveRecord: 0.3ms)


Started GET "/posts?utf8=%E2%9C%93&author=7&commit=Filter" for ::1 at 2016-01-27 13:56:04 -0500
Processing by PostsController#index as HTML
  Parameters: {"utf8"=>"✓", "author"=>"7", "commit"=>"Filter"}
  [1m[35mAuthor Load (0.1ms)[0m  SELECT "authors".* FROM "authors"
  [1m[36mPost Load (0.1ms)[0m  [1mSELECT "posts".* FROM "posts" WHERE "posts"."author_id" = 7[0m
  [1m[35mAuthor Load (0.1ms)[0m  SELECT  "authors".* FROM "authors" WHERE "authors"."id" = ? LIMIT 1  [["id", 7]]
  Rendered posts/index.html.erb within layouts/application (12.8ms)
Completed 200 OK in 27ms (Views: 24.0ms | ActiveRecord: 0.9ms)


Started GET "/assets/authors.self-e3b0c44298fc1c149afbf4c8996fb92427ae41e4649b934ca495991b7852b855.css?body=1" for ::1 at 2016-01-27 13:56:04 -0500


Started GET "/assets/application.self-e80e8f2318043e8af94dddc2adad5a4f09739a8ebb323b3ab31cd71d45fd9113.css?body=1" for ::1 at 2016-01-27 13:56:04 -0500


Started GET "/assets/jquery.self-a714331225dda820228db323939889f149aec0127aeb06255646b616ba1ca419.js?body=1" for ::1 at 2016-01-27 13:56:04 -0500


Started GET "/assets/jquery_ujs.self-d456baa54c1fa6be2ec3711f0a72ddf7a5b2f34a6b4f515f33767d6207b7d4b3.js?body=1" for ::1 at 2016-01-27 13:56:04 -0500


Started GET "/assets/authors.self-877aef30ae1b040ab8a3aba4e3e309a11d7f2612f44dde450b5c157aa5f95c05.js?body=1" for ::1 at 2016-01-27 13:56:04 -0500


Started GET "/assets/turbolinks.self-c37727e9bd6b2735da5c311aa83fead54ed0be6cc8bd9a65309e9c5abe2cbfff.js?body=1" for ::1 at 2016-01-27 13:56:04 -0500


Started GET "/assets/application.self-3b8dabdc891efe46b9a144b400ad69e37d7e5876bdc39dee783419a69d7ca819.js?body=1" for ::1 at 2016-01-27 13:56:04 -0500


Started GET "/posts" for ::1 at 2016-01-27 13:56:11 -0500
Processing by PostsController#index as HTML
  [1m[36mAuthor Load (0.1ms)[0m  [1mSELECT "authors".* FROM "authors"[0m
  [1m[35mPost Load (0.1ms)[0m  SELECT "posts".* FROM "posts"
  [1m[36mAuthor Load (0.1ms)[0m  [1mSELECT  "authors".* FROM "authors" WHERE "authors"."id" = ? LIMIT 1[0m  [["id", 7]]
  [1m[35mAuthor Load (0.1ms)[0m  SELECT  "authors".* FROM "authors" WHERE "authors"."id" = ? LIMIT 1  [["id", 8]]
  [1m[36mAuthor Load (0.1ms)[0m  [1mSELECT  "authors".* FROM "authors" WHERE "authors"."id" = ? LIMIT 1[0m  [["id", 9]]
  Rendered posts/index.html.erb within layouts/application (2.7ms)
Completed 200 OK in 15ms (Views: 13.8ms | ActiveRecord: 0.4ms)


Started GET "/posts" for ::1 at 2016-01-27 13:56:12 -0500
Processing by PostsController#index as HTML
  [1m[35mAuthor Load (0.2ms)[0m  SELECT "authors".* FROM "authors"
  [1m[36mPost Load (0.1ms)[0m  [1mSELECT "posts".* FROM "posts"[0m
  [1m[35mAuthor Load (0.1ms)[0m  SELECT  "authors".* FROM "authors" WHERE "authors"."id" = ? LIMIT 1  [["id", 7]]
  [1m[36mAuthor Load (0.1ms)[0m  [1mSELECT  "authors".* FROM "authors" WHERE "authors"."id" = ? LIMIT 1[0m  [["id", 8]]
  [1m[35mAuthor Load (0.1ms)[0m  SELECT  "authors".* FROM "authors" WHERE "authors"."id" = ? LIMIT 1  [["id", 9]]
  Rendered posts/index.html.erb within layouts/application (2.9ms)
Completed 200 OK in 15ms (Views: 14.0ms | ActiveRecord: 0.5ms)


Started GET "/assets/authors.self-e3b0c44298fc1c149afbf4c8996fb92427ae41e4649b934ca495991b7852b855.css?body=1" for ::1 at 2016-01-27 13:56:12 -0500


Started GET "/assets/application.self-e80e8f2318043e8af94dddc2adad5a4f09739a8ebb323b3ab31cd71d45fd9113.css?body=1" for ::1 at 2016-01-27 13:56:12 -0500


Started GET "/assets/turbolinks.self-c37727e9bd6b2735da5c311aa83fead54ed0be6cc8bd9a65309e9c5abe2cbfff.js?body=1" for ::1 at 2016-01-27 13:56:12 -0500


Started GET "/assets/jquery_ujs.self-d456baa54c1fa6be2ec3711f0a72ddf7a5b2f34a6b4f515f33767d6207b7d4b3.js?body=1" for ::1 at 2016-01-27 13:56:12 -0500


Started GET "/assets/authors.self-877aef30ae1b040ab8a3aba4e3e309a11d7f2612f44dde450b5c157aa5f95c05.js?body=1" for ::1 at 2016-01-27 13:56:12 -0500


Started GET "/assets/application.self-3b8dabdc891efe46b9a144b400ad69e37d7e5876bdc39dee783419a69d7ca819.js?body=1" for ::1 at 2016-01-27 13:56:12 -0500


Started GET "/assets/jquery.self-a714331225dda820228db323939889f149aec0127aeb06255646b616ba1ca419.js?body=1" for ::1 at 2016-01-27 13:56:12 -0500


Started GET "/posts?utf8=%E2%9C%93&author=8&commit=Filter" for ::1 at 2016-01-27 13:56:15 -0500
Processing by PostsController#index as HTML
  Parameters: {"utf8"=>"✓", "author"=>"8", "commit"=>"Filter"}
  [1m[36mAuthor Load (0.1ms)[0m  [1mSELECT "authors".* FROM "authors"[0m
  [1m[35mPost Load (0.1ms)[0m  SELECT "posts".* FROM "posts" WHERE "posts"."author_id" = 8
  [1m[36mAuthor Load (0.1ms)[0m  [1mSELECT  "authors".* FROM "authors" WHERE "authors"."id" = ? LIMIT 1[0m  [["id", 8]]
  Rendered posts/index.html.erb within layouts/application (1.7ms)
Completed 200 OK in 13ms (Views: 12.4ms | ActiveRecord: 0.3ms)


Started GET "/posts?utf8=%E2%9C%93&author=8&commit=Filter" for ::1 at 2016-01-27 13:57:18 -0500
  [1m[36mActiveRecord::SchemaMigration Load (0.1ms)[0m  [1mSELECT "schema_migrations".* FROM "schema_migrations"[0m
Processing by PostsController#index as HTML
  Parameters: {"utf8"=>"✓", "author"=>"8", "commit"=>"Filter"}
  [1m[35mAuthor Load (0.1ms)[0m  SELECT "authors".* FROM "authors"
  [1m[36mPost Load (0.1ms)[0m  [1mSELECT "posts".* FROM "posts" WHERE "posts"."author_id" = 8[0m
  [1m[35mAuthor Load (0.2ms)[0m  SELECT  "authors".* FROM "authors" WHERE "authors"."id" = ? LIMIT 1  [["id", 8]]
  Rendered posts/index.html.erb within layouts/application (33.2ms)
Completed 200 OK in 237ms (Views: 225.3ms | ActiveRecord: 0.9ms)


Started GET "/assets/jquery.self-a714331225dda820228db323939889f149aec0127aeb06255646b616ba1ca419.js?body=1" for ::1 at 2016-01-27 13:57:18 -0500


Started GET "/assets/application.self-e80e8f2318043e8af94dddc2adad5a4f09739a8ebb323b3ab31cd71d45fd9113.css?body=1" for ::1 at 2016-01-27 13:57:18 -0500


Started GET "/assets/authors.self-877aef30ae1b040ab8a3aba4e3e309a11d7f2612f44dde450b5c157aa5f95c05.js?body=1" for ::1 at 2016-01-27 13:57:18 -0500


Started GET "/assets/authors.self-e3b0c44298fc1c149afbf4c8996fb92427ae41e4649b934ca495991b7852b855.css?body=1" for ::1 at 2016-01-27 13:57:18 -0500


Started GET "/assets/turbolinks.self-c37727e9bd6b2735da5c311aa83fead54ed0be6cc8bd9a65309e9c5abe2cbfff.js?body=1" for ::1 at 2016-01-27 13:57:18 -0500


Started GET "/assets/jquery_ujs.self-d456baa54c1fa6be2ec3711f0a72ddf7a5b2f34a6b4f515f33767d6207b7d4b3.js?body=1" for ::1 at 2016-01-27 13:57:18 -0500


Started GET "/assets/application.self-3b8dabdc891efe46b9a144b400ad69e37d7e5876bdc39dee783419a69d7ca819.js?body=1" for ::1 at 2016-01-27 13:57:18 -0500


Started GET "/" for ::1 at 2016-01-27 13:57:24 -0500
Processing by PostsController#index as HTML
  [1m[36mAuthor Load (0.2ms)[0m  [1mSELECT "authors".* FROM "authors"[0m
  [1m[35mPost Load (0.1ms)[0m  SELECT "posts".* FROM "posts"
  [1m[36mAuthor Load (0.1ms)[0m  [1mSELECT  "authors".* FROM "authors" WHERE "authors"."id" = ? LIMIT 1[0m  [["id", 7]]
  [1m[35mAuthor Load (0.1ms)[0m  SELECT  "authors".* FROM "authors" WHERE "authors"."id" = ? LIMIT 1  [["id", 8]]
  [1m[36mAuthor Load (0.1ms)[0m  [1mSELECT  "authors".* FROM "authors" WHERE "authors"."id" = ? LIMIT 1[0m  [["id", 9]]
  Rendered posts/index.html.erb within layouts/application (3.1ms)
Completed 200 OK in 14ms (Views: 12.6ms | ActiveRecord: 0.4ms)


Started GET "/posts?utf8=%E2%9C%93&author=9&commit=Filter" for ::1 at 2016-01-27 13:57:28 -0500
Processing by PostsController#index as HTML
  Parameters: {"utf8"=>"✓", "author"=>"9", "commit"=>"Filter"}
  [1m[35mAuthor Load (0.1ms)[0m  SELECT "authors".* FROM "authors"
  [1m[36mPost Load (0.1ms)[0m  [1mSELECT "posts".* FROM "posts" WHERE "posts"."author_id" = 9[0m
  [1m[35mAuthor Load (0.1ms)[0m  SELECT  "authors".* FROM "authors" WHERE "authors"."id" = ? LIMIT 1  [["id", 9]]
  Rendered posts/index.html.erb within layouts/application (2.0ms)
Completed 200 OK in 14ms (Views: 13.2ms | ActiveRecord: 0.3ms)


Started GET "/posts?utf8=%E2%9C%93&author=8&commit=Filter" for ::1 at 2016-01-27 13:57:41 -0500
Processing by PostsController#index as HTML
  Parameters: {"utf8"=>"✓", "author"=>"8", "commit"=>"Filter"}
  [1m[36mAuthor Load (0.1ms)[0m  [1mSELECT "authors".* FROM "authors"[0m
  [1m[35mPost Load (0.1ms)[0m  SELECT "posts".* FROM "posts" WHERE "posts"."author_id" = 8
  [1m[36mAuthor Load (0.1ms)[0m  [1mSELECT  "authors".* FROM "authors" WHERE "authors"."id" = ? LIMIT 1[0m  [["id", 8]]
  Rendered posts/index.html.erb within layouts/application (1.7ms)
Completed 200 OK in 11ms (Views: 10.6ms | ActiveRecord: 0.3ms)


Started GET "/authors/8" for ::1 at 2016-01-27 13:58:47 -0500
Processing by AuthorsController#show as HTML
  Parameters: {"id"=>"8"}
  [1m[35mAuthor Load (0.1ms)[0m  SELECT  "authors".* FROM "authors" WHERE "authors"."id" = ? LIMIT 1  [["id", 8]]
  [1m[36mPost Load (0.2ms)[0m  [1mSELECT "posts".* FROM "posts" WHERE "posts"."author_id" = ?[0m  [["author_id", 8]]
  Rendered authors/show.html.erb within layouts/application (9.1ms)
Completed 200 OK in 26ms (Views: 24.5ms | ActiveRecord: 0.3ms)


Started GET "/posts/10" for ::1 at 2016-01-27 13:58:52 -0500
Processing by PostsController#show as HTML
  Parameters: {"id"=>"10"}
  [1m[35mPost Load (0.1ms)[0m  SELECT  "posts".* FROM "posts" WHERE "posts"."id" = ? LIMIT 1  [["id", 10]]
Completed 404 Not Found in 1ms (ActiveRecord: 0.1ms)

ActiveRecord::RecordNotFound (Couldn't find Post with 'id'=10):
  app/controllers/posts_controller.rb:9:in `show'


  Rendered /Users/scottcreynolds/.rvm/gems/ruby-2.1.2/gems/actionpack-4.2.5/lib/action_dispatch/middleware/templates/rescues/_source.erb (4.0ms)
  Rendered /Users/scottcreynolds/.rvm/gems/ruby-2.1.2/gems/actionpack-4.2.5/lib/action_dispatch/middleware/templates/rescues/_trace.html.erb (1.7ms)
  Rendered /Users/scottcreynolds/.rvm/gems/ruby-2.1.2/gems/actionpack-4.2.5/lib/action_dispatch/middleware/templates/rescues/_request_and_response.html.erb (0.7ms)
  Rendered /Users/scottcreynolds/.rvm/gems/ruby-2.1.2/gems/actionpack-4.2.5/lib/action_dispatch/middleware/templates/rescues/diagnostics.html.erb within rescues/layout (19.4ms)
  Rendered /Users/scottcreynolds/.rvm/gems/ruby-2.1.2/gems/web-console-2.2.1/lib/web_console/templates/_markup.html.erb (0.2ms)
  Rendered /Users/scottcreynolds/.rvm/gems/ruby-2.1.2/gems/web-console-2.2.1/lib/web_console/templates/_inner_console_markup.html.erb within layouts/inlined_string (0.2ms)
  Rendered /Users/scottcreynolds/.rvm/gems/ruby-2.1.2/gems/web-console-2.2.1/lib/web_console/templates/_prompt_box_markup.html.erb within layouts/inlined_string (0.2ms)
  Rendered /Users/scottcreynolds/.rvm/gems/ruby-2.1.2/gems/web-console-2.2.1/lib/web_console/templates/style.css.erb within layouts/inlined_string (0.2ms)
  Rendered /Users/scottcreynolds/.rvm/gems/ruby-2.1.2/gems/web-console-2.2.1/lib/web_console/templates/console.js.erb within layouts/javascript (14.8ms)
  Rendered /Users/scottcreynolds/.rvm/gems/ruby-2.1.2/gems/web-console-2.2.1/lib/web_console/templates/main.js.erb within layouts/javascript (0.2ms)
  Rendered /Users/scottcreynolds/.rvm/gems/ruby-2.1.2/gems/web-console-2.2.1/lib/web_console/templates/error_page.js.erb within layouts/javascript (0.3ms)
  Rendered /Users/scottcreynolds/.rvm/gems/ruby-2.1.2/gems/web-console-2.2.1/lib/web_console/templates/index.html.erb (34.8ms)


Started GET "/posts/1" for ::1 at 2016-01-27 13:58:56 -0500
Processing by PostsController#show as HTML
  Parameters: {"id"=>"1"}
  [1m[36mPost Load (0.1ms)[0m  [1mSELECT  "posts".* FROM "posts" WHERE "posts"."id" = ? LIMIT 1[0m  [["id", 1]]
Completed 404 Not Found in 37ms (ActiveRecord: 0.1ms)

ActiveRecord::RecordNotFound (Couldn't find Post with 'id'=1):
  app/controllers/posts_controller.rb:9:in `show'


  Rendered /Users/scottcreynolds/.rvm/gems/ruby-2.1.2/gems/actionpack-4.2.5/lib/action_dispatch/middleware/templates/rescues/_source.erb (3.9ms)
  Rendered /Users/scottcreynolds/.rvm/gems/ruby-2.1.2/gems/actionpack-4.2.5/lib/action_dispatch/middleware/templates/rescues/_trace.html.erb (1.5ms)
  Rendered /Users/scottcreynolds/.rvm/gems/ruby-2.1.2/gems/actionpack-4.2.5/lib/action_dispatch/middleware/templates/rescues/_request_and_response.html.erb (0.6ms)
  Rendered /Users/scottcreynolds/.rvm/gems/ruby-2.1.2/gems/actionpack-4.2.5/lib/action_dispatch/middleware/templates/rescues/diagnostics.html.erb within rescues/layout (14.6ms)
  Rendered /Users/scottcreynolds/.rvm/gems/ruby-2.1.2/gems/web-console-2.2.1/lib/web_console/templates/_markup.html.erb (0.2ms)
  Rendered /Users/scottcreynolds/.rvm/gems/ruby-2.1.2/gems/web-console-2.2.1/lib/web_console/templates/_inner_console_markup.html.erb within layouts/inlined_string (0.2ms)
  Rendered /Users/scottcreynolds/.rvm/gems/ruby-2.1.2/gems/web-console-2.2.1/lib/web_console/templates/_prompt_box_markup.html.erb within layouts/inlined_string (0.2ms)
  Rendered /Users/scottcreynolds/.rvm/gems/ruby-2.1.2/gems/web-console-2.2.1/lib/web_console/templates/style.css.erb within layouts/inlined_string (0.2ms)
  Rendered /Users/scottcreynolds/.rvm/gems/ruby-2.1.2/gems/web-console-2.2.1/lib/web_console/templates/console.js.erb within layouts/javascript (10.7ms)
  Rendered /Users/scottcreynolds/.rvm/gems/ruby-2.1.2/gems/web-console-2.2.1/lib/web_console/templates/main.js.erb within layouts/javascript (0.2ms)
  Rendered /Users/scottcreynolds/.rvm/gems/ruby-2.1.2/gems/web-console-2.2.1/lib/web_console/templates/error_page.js.erb within layouts/javascript (0.2ms)
  Rendered /Users/scottcreynolds/.rvm/gems/ruby-2.1.2/gems/web-console-2.2.1/lib/web_console/templates/index.html.erb (22.3ms)


Started GET "/posts/5" for ::1 at 2016-01-27 13:59:02 -0500
Processing by PostsController#show as HTML
  Parameters: {"id"=>"5"}
  [1m[35mPost Load (0.1ms)[0m  SELECT  "posts".* FROM "posts" WHERE "posts"."id" = ? LIMIT 1  [["id", 5]]
  Rendered posts/show.html.erb within layouts/application (0.4ms)
Completed 200 OK in 14ms (Views: 13.1ms | ActiveRecord: 0.1ms)
  [1m[36mActiveRecord::SchemaMigration Load (0.1ms)[0m  [1mSELECT "schema_migrations".* FROM "schema_migrations"[0m
  [1m[35mPost Load (0.2ms)[0m  SELECT "posts".* FROM "posts"
  [1m[36m (0.0ms)[0m  [1mbegin transaction[0m
  [1m[35mSQL (0.4ms)[0m  DELETE FROM "posts" WHERE "posts"."id" = ?  [["id", 4]]
  [1m[36m (0.5ms)[0m  [1mcommit transaction[0m
  [1m[35m (0.0ms)[0m  begin transaction
  [1m[36mSQL (0.1ms)[0m  [1mDELETE FROM "posts" WHERE "posts"."id" = ?[0m  [["id", 5]]
  [1m[35m (0.4ms)[0m  commit transaction
  [1m[36m (0.0ms)[0m  [1mbegin transaction[0m
  [1m[35mSQL (0.1ms)[0m  DELETE FROM "posts" WHERE "posts"."id" = ?  [["id", 6]]
  [1m[36m (0.4ms)[0m  [1mcommit transaction[0m
  [1m[35mAuthor Load (0.1ms)[0m  SELECT "authors".* FROM "authors"
  [1m[36m (0.0ms)[0m  [1mbegin transaction[0m
  [1m[35mSQL (0.2ms)[0m  DELETE FROM "authors" WHERE "authors"."id" = ?  [["id", 7]]
  [1m[36m (0.7ms)[0m  [1mcommit transaction[0m
  [1m[35m (0.1ms)[0m  begin transaction
  [1m[36mSQL (0.2ms)[0m  [1mDELETE FROM "authors" WHERE "authors"."id" = ?[0m  [["id", 8]]
  [1m[35m (0.5ms)[0m  commit transaction
  [1m[36m (0.0ms)[0m  [1mbegin transaction[0m
  [1m[35mSQL (0.1ms)[0m  DELETE FROM "authors" WHERE "authors"."id" = ?  [["id", 9]]
  [1m[36m (0.4ms)[0m  [1mcommit transaction[0m
  [1m[35m (0.0ms)[0m  begin transaction
  [1m[36mSQL (0.3ms)[0m  [1mINSERT INTO "authors" ("name", "genre", "bio", "created_at", "updated_at") VALUES (?, ?, ?, ?, ?)[0m  [["name", "Stephen King"], ["genre", "Romance"], ["bio", "Writes a lot of scary things."], ["created_at", "2016-01-27 19:12:19.611507"], ["updated_at", "2016-01-27 19:12:19.611507"]]
  [1m[35m (0.6ms)[0m  commit transaction
  [1m[36m (0.0ms)[0m  [1mbegin transaction[0m
  [1m[35mSQL (0.2ms)[0m  INSERT INTO "authors" ("name", "genre", "bio", "created_at", "updated_at") VALUES (?, ?, ?, ?, ?)  [["name", "Ariana Huffington"], ["genre", "Comedy"], ["bio", "Up and comer. One to watch."], ["created_at", "2016-01-27 19:12:19.613543"], ["updated_at", "2016-01-27 19:12:19.613543"]]
  [1m[36m (0.5ms)[0m  [1mcommit transaction[0m
  [1m[35m (0.0ms)[0m  begin transaction
  [1m[36mSQL (0.2ms)[0m  [1mINSERT INTO "authors" ("name", "genre", "bio", "created_at", "updated_at") VALUES (?, ?, ?, ?, ?)[0m  [["name", "Horse Ebooks"], ["genre", "?????"], ["bio", "Eclectic."], ["created_at", "2016-01-27 19:12:19.614999"], ["updated_at", "2016-01-27 19:12:19.614999"]]
  [1m[35m (0.5ms)[0m  commit transaction
  [1m[36m (0.1ms)[0m  [1mbegin transaction[0m
  [1m[35mSQL (0.3ms)[0m  INSERT INTO "posts" ("title", "description", "author_id", "created_at", "updated_at") VALUES (?, ?, ?, ?, ?)  [["title", "Something About Democrats"], ["description", "  Last night I dreamt there is more to life than to bully friends.\n  What has that got to do with Democrats, you probably wonder...\n  The answer is here. Right here. Back in school my hair was silly.\n  Nevermind about the details, but... In a nut-shell: And still,\n  it was strange. Using Google, I found a 12-sided dice.\n  Which would be nothing special but...\n"], ["author_id", 10], ["created_at", "2016-01-27 19:12:19.621682"], ["updated_at", "2016-01-27 19:12:19.621682"]]
  [1m[36m (0.6ms)[0m  [1mcommit transaction[0m
  [1m[35m (0.0ms)[0m  begin transaction
  [1m[36mSQL (0.2ms)[0m  [1mINSERT INTO "posts" ("title", "description", "author_id", "created_at", "updated_at") VALUES (?, ?, ?, ?, ?)[0m  [["title", "Spam Spam Spam"], ["description", "  It occurred to me that no matter what cards you are dealt,\n  you need to enjoy the small joys. How is this related to Spam, you ask.\n  Fair enough. OK, I will tell you something here now...\n  Sometime around last year I loved movies. Yeah, just what it sounds like.\n  In a nut-shell: And still, it was strange. I collided with the powers of a my computer,\n  broken and gray. And here's why this matters...\n"], ["author_id", 11], ["created_at", "2016-01-27 19:12:19.623893"], ["updated_at", "2016-01-27 19:12:19.623893"]]
  [1m[35m (0.6ms)[0m  commit transaction
  [1m[36m (0.0ms)[0m  [1mbegin transaction[0m
  [1m[35mSQL (0.1ms)[0m  INSERT INTO "posts" ("title", "description", "author_id", "created_at", "updated_at") VALUES (?, ?, ?, ?, ?)  [["title", "Links! Click Links!"], ["description", "  Last night I dreamt we simply need to realize to be so competitive.\n  Does the responsibility lie with Links, you probably wonder...\n  The answer is here. Right here. About the time I broke up with my\n  ex I was totally into music. Whatever. So that's that.\n  But something wasn't right. I stumbled upon a giant banana.\n"], ["author_id", 12], ["created_at", "2016-01-27 19:12:19.625806"], ["updated_at", "2016-01-27 19:12:19.625806"]]
  [1m[36m (0.6ms)[0m  [1mcommit transaction[0m
  [1m[35m (0.0ms)[0m  begin transaction
  [1m[36mSQL (0.3ms)[0m  [1mUPDATE "posts" SET "created_at" = ?, "updated_at" = ? WHERE "posts"."id" = ?[0m  [["created_at", "2016-01-26 00:00:00.000000"], ["updated_at", "2016-01-27 19:12:19.627718"], ["id", 9]]
  [1m[35m (0.5ms)[0m  commit transaction


Started GET "/" for ::1 at 2016-01-27 14:12:32 -0500
Processing by PostsController#index as HTML
  [1m[36mAuthor Load (0.5ms)[0m  [1mSELECT "authors".* FROM "authors"[0m
  [1m[35mPost Load (0.2ms)[0m  SELECT "posts".* FROM "posts"
  [1m[36mAuthor Load (0.2ms)[0m  [1mSELECT  "authors".* FROM "authors" WHERE "authors"."id" = ? LIMIT 1[0m  [["id", 10]]
  [1m[35mAuthor Load (0.1ms)[0m  SELECT  "authors".* FROM "authors" WHERE "authors"."id" = ? LIMIT 1  [["id", 11]]
  [1m[36mAuthor Load (0.1ms)[0m  [1mSELECT  "authors".* FROM "authors" WHERE "authors"."id" = ? LIMIT 1[0m  [["id", 12]]
  Rendered posts/index.html.erb within layouts/application (24.3ms)
Completed 200 OK in 56ms (Views: 48.4ms | ActiveRecord: 1.5ms)
  [1m[36mPost Load (0.2ms)[0m  [1mSELECT "posts".* FROM "posts" WHERE "posts"."created_at" = ?[0m  [["created_at", "2016-01-27"]]
  [1m[35mPost Load (0.2ms)[0m  SELECT "posts".* FROM "posts" WHERE (created_at >='2016-01-27 00:00:00.000000')
  [1m[36mPost Load (0.2ms)[0m  [1mSELECT "posts".* FROM "posts" WHERE (created_at <'2016-01-27 00:00:00.000000')[0m


Started GET "/" for ::1 at 2016-01-27 14:16:31 -0500
Processing by PostsController#index as HTML
  [1m[35mAuthor Load (0.2ms)[0m  SELECT "authors".* FROM "authors"
  [1m[36mPost Load (0.1ms)[0m  [1mSELECT "posts".* FROM "posts"[0m
  [1m[35mAuthor Load (0.1ms)[0m  SELECT  "authors".* FROM "authors" WHERE "authors"."id" = ? LIMIT 1  [["id", 10]]
  [1m[36mAuthor Load (0.1ms)[0m  [1mSELECT  "authors".* FROM "authors" WHERE "authors"."id" = ? LIMIT 1[0m  [["id", 11]]
  [1m[35mAuthor Load (0.1ms)[0m  SELECT  "authors".* FROM "authors" WHERE "authors"."id" = ? LIMIT 1  [["id", 12]]
  Rendered posts/index.html.erb within layouts/application (4.8ms)
Completed 200 OK in 23ms (Views: 21.9ms | ActiveRecord: 0.5ms)


Started GET "/assets/jquery.self-a714331225dda820228db323939889f149aec0127aeb06255646b616ba1ca419.js?body=1" for ::1 at 2016-01-27 14:16:31 -0500


Started GET "/assets/authors.self-e3b0c44298fc1c149afbf4c8996fb92427ae41e4649b934ca495991b7852b855.css?body=1" for ::1 at 2016-01-27 14:16:31 -0500


Started GET "/assets/application.self-e80e8f2318043e8af94dddc2adad5a4f09739a8ebb323b3ab31cd71d45fd9113.css?body=1" for ::1 at 2016-01-27 14:16:31 -0500


Started GET "/assets/application.self-3b8dabdc891efe46b9a144b400ad69e37d7e5876bdc39dee783419a69d7ca819.js?body=1" for ::1 at 2016-01-27 14:16:31 -0500


Started GET "/assets/turbolinks.self-c37727e9bd6b2735da5c311aa83fead54ed0be6cc8bd9a65309e9c5abe2cbfff.js?body=1" for ::1 at 2016-01-27 14:16:31 -0500


Started GET "/assets/jquery_ujs.self-d456baa54c1fa6be2ec3711f0a72ddf7a5b2f34a6b4f515f33767d6207b7d4b3.js?body=1" for ::1 at 2016-01-27 14:16:31 -0500


Started GET "/assets/authors.self-877aef30ae1b040ab8a3aba4e3e309a11d7f2612f44dde450b5c157aa5f95c05.js?body=1" for ::1 at 2016-01-27 14:16:31 -0500


Started GET "/posts?utf8=%E2%9C%93&author=12&commit=Filter" for ::1 at 2016-01-27 14:16:37 -0500
Processing by PostsController#index as HTML
  Parameters: {"utf8"=>"✓", "author"=>"12", "commit"=>"Filter"}
  [1m[36mAuthor Load (0.1ms)[0m  [1mSELECT "authors".* FROM "authors"[0m
  [1m[35mPost Load (0.1ms)[0m  SELECT "posts".* FROM "posts" WHERE "posts"."author_id" = 12
  [1m[36mAuthor Load (0.1ms)[0m  [1mSELECT  "authors".* FROM "authors" WHERE "authors"."id" = ? LIMIT 1[0m  [["id", 12]]
  Rendered posts/index.html.erb within layouts/application (2.3ms)
Completed 200 OK in 15ms (Views: 14.2ms | ActiveRecord: 0.3ms)


Started GET "/" for ::1 at 2016-01-27 14:18:43 -0500
Processing by PostsController#index as HTML
  [1m[35mAuthor Load (0.2ms)[0m  SELECT "authors".* FROM "authors"
  [1m[36mPost Load (0.1ms)[0m  [1mSELECT "posts".* FROM "posts"[0m
  [1m[35mAuthor Load (0.1ms)[0m  SELECT  "authors".* FROM "authors" WHERE "authors"."id" = ? LIMIT 1  [["id", 10]]
  [1m[36mAuthor Load (0.1ms)[0m  [1mSELECT  "authors".* FROM "authors" WHERE "authors"."id" = ? LIMIT 1[0m  [["id", 11]]
  [1m[35mAuthor Load (0.1ms)[0m  SELECT  "authors".* FROM "authors" WHERE "authors"."id" = ? LIMIT 1  [["id", 12]]
  Rendered posts/index.html.erb within layouts/application (4.1ms)
Completed 200 OK in 24ms (Views: 22.6ms | ActiveRecord: 0.5ms)


Started GET "/assets/authors.self-e3b0c44298fc1c149afbf4c8996fb92427ae41e4649b934ca495991b7852b855.css?body=1" for ::1 at 2016-01-27 14:18:43 -0500


Started GET "/assets/application.self-e80e8f2318043e8af94dddc2adad5a4f09739a8ebb323b3ab31cd71d45fd9113.css?body=1" for ::1 at 2016-01-27 14:18:43 -0500


Started GET "/assets/jquery.self-a714331225dda820228db323939889f149aec0127aeb06255646b616ba1ca419.js?body=1" for ::1 at 2016-01-27 14:18:43 -0500


Started GET "/assets/jquery_ujs.self-d456baa54c1fa6be2ec3711f0a72ddf7a5b2f34a6b4f515f33767d6207b7d4b3.js?body=1" for ::1 at 2016-01-27 14:18:43 -0500


Started GET "/assets/turbolinks.self-c37727e9bd6b2735da5c311aa83fead54ed0be6cc8bd9a65309e9c5abe2cbfff.js?body=1" for ::1 at 2016-01-27 14:18:43 -0500


Started GET "/assets/authors.self-877aef30ae1b040ab8a3aba4e3e309a11d7f2612f44dde450b5c157aa5f95c05.js?body=1" for ::1 at 2016-01-27 14:18:43 -0500


Started GET "/assets/application.self-3b8dabdc891efe46b9a144b400ad69e37d7e5876bdc39dee783419a69d7ca819.js?body=1" for ::1 at 2016-01-27 14:18:43 -0500


Started GET "/posts?utf8=%E2%9C%93&author=&date=Today&commit=Filter" for ::1 at 2016-01-27 14:18:46 -0500
Processing by PostsController#index as HTML
  Parameters: {"utf8"=>"✓", "author"=>"", "date"=>"Today", "commit"=>"Filter"}
  [1m[36mAuthor Load (0.1ms)[0m  [1mSELECT "authors".* FROM "authors"[0m
  [1m[35mPost Load (0.1ms)[0m  SELECT "posts".* FROM "posts"
  [1m[36mAuthor Load (0.1ms)[0m  [1mSELECT  "authors".* FROM "authors" WHERE "authors"."id" = ? LIMIT 1[0m  [["id", 10]]
  [1m[35mAuthor Load (0.1ms)[0m  SELECT  "authors".* FROM "authors" WHERE "authors"."id" = ? LIMIT 1  [["id", 11]]
  [1m[36mAuthor Load (0.1ms)[0m  [1mSELECT  "authors".* FROM "authors" WHERE "authors"."id" = ? LIMIT 1[0m  [["id", 12]]
  Rendered posts/index.html.erb within layouts/application (2.6ms)
Completed 200 OK in 123ms (Views: 121.8ms | ActiveRecord: 0.4ms)


Started GET "/posts?utf8=%E2%9C%93&author=&date=Today&commit=Filter" for ::1 at 2016-01-27 14:23:40 -0500
Processing by PostsController#index as HTML
  Parameters: {"utf8"=>"✓", "author"=>"", "date"=>"Today", "commit"=>"Filter"}
  [1m[35mAuthor Load (0.2ms)[0m  SELECT "authors".* FROM "authors"
  [1m[36mPost Load (0.1ms)[0m  [1mSELECT "posts".* FROM "posts" WHERE (created_at >='2016-01-27 00:00:00.000000')[0m
  [1m[35mAuthor Load (0.1ms)[0m  SELECT  "authors".* FROM "authors" WHERE "authors"."id" = ? LIMIT 1  [["id", 10]]
  [1m[36mAuthor Load (0.1ms)[0m  [1mSELECT  "authors".* FROM "authors" WHERE "authors"."id" = ? LIMIT 1[0m  [["id", 11]]
  Rendered posts/index.html.erb within layouts/application (7.4ms)
Completed 200 OK in 49ms (Views: 47.4ms | ActiveRecord: 0.5ms)


Started GET "/posts?utf8=%E2%9C%93&author=&date=Old+News&commit=Filter" for ::1 at 2016-01-27 14:23:43 -0500
Processing by PostsController#index as HTML
  Parameters: {"utf8"=>"✓", "author"=>"", "date"=>"Old News", "commit"=>"Filter"}
  [1m[35mAuthor Load (0.2ms)[0m  SELECT "authors".* FROM "authors"
  [1m[36mPost Load (0.1ms)[0m  [1mSELECT "posts".* FROM "posts" WHERE (created_at <'2016-01-27 00:00:00.000000')[0m
  [1m[35mAuthor Load (0.1ms)[0m  SELECT  "authors".* FROM "authors" WHERE "authors"."id" = ? LIMIT 1  [["id", 12]]
  Rendered posts/index.html.erb within layouts/application (1.9ms)
Completed 200 OK in 14ms (Views: 13.6ms | ActiveRecord: 0.3ms)


Started GET "/posts?utf8=%E2%9C%93&author=&date=&commit=Filter" for ::1 at 2016-01-27 14:23:47 -0500
Processing by PostsController#index as HTML
  Parameters: {"utf8"=>"✓", "author"=>"", "date"=>"", "commit"=>"Filter"}
  [1m[36mAuthor Load (0.1ms)[0m  [1mSELECT "authors".* FROM "authors"[0m
  [1m[35mPost Load (0.1ms)[0m  SELECT "posts".* FROM "posts"
  [1m[36mAuthor Load (0.1ms)[0m  [1mSELECT  "authors".* FROM "authors" WHERE "authors"."id" = ? LIMIT 1[0m  [["id", 10]]
  [1m[35mAuthor Load (0.1ms)[0m  SELECT  "authors".* FROM "authors" WHERE "authors"."id" = ? LIMIT 1  [["id", 11]]
  [1m[36mAuthor Load (0.1ms)[0m  [1mSELECT  "authors".* FROM "authors" WHERE "authors"."id" = ? LIMIT 1[0m  [["id", 12]]
  Rendered posts/index.html.erb within layouts/application (2.6ms)
Completed 200 OK in 15ms (Views: 13.9ms | ActiveRecord: 0.4ms)


Started GET "/posts?utf8=%E2%9C%93&author=&date=&commit=Filter" for ::1 at 2016-01-27 14:42:44 -0500
Processing by PostsController#index as HTML
  Parameters: {"utf8"=>"✓", "author"=>"", "date"=>"", "commit"=>"Filter"}
  [1m[35mAuthor Load (4.0ms)[0m  SELECT "authors".* FROM "authors"
  [1m[36mPost Load (0.1ms)[0m  [1mSELECT "posts".* FROM "posts"[0m
  [1m[35mAuthor Load (0.2ms)[0m  SELECT  "authors".* FROM "authors" WHERE "authors"."id" = ? LIMIT 1  [["id", 10]]
  [1m[36mAuthor Load (0.2ms)[0m  [1mSELECT  "authors".* FROM "authors" WHERE "authors"."id" = ? LIMIT 1[0m  [["id", 11]]
  [1m[35mAuthor Load (0.1ms)[0m  SELECT  "authors".* FROM "authors" WHERE "authors"."id" = ? LIMIT 1  [["id", 12]]
  Rendered posts/index.html.erb within layouts/application (33.9ms)
Completed 200 OK in 86ms (Views: 65.0ms | ActiveRecord: 5.0ms)


Started GET "/assets/authors.self-e3b0c44298fc1c149afbf4c8996fb92427ae41e4649b934ca495991b7852b855.css?body=1" for ::1 at 2016-01-27 14:42:45 -0500


Started GET "/assets/turbolinks.self-c37727e9bd6b2735da5c311aa83fead54ed0be6cc8bd9a65309e9c5abe2cbfff.js?body=1" for ::1 at 2016-01-27 14:42:45 -0500


Started GET "/assets/application.self-e80e8f2318043e8af94dddc2adad5a4f09739a8ebb323b3ab31cd71d45fd9113.css?body=1" for ::1 at 2016-01-27 14:42:45 -0500


Started GET "/assets/jquery.self-a714331225dda820228db323939889f149aec0127aeb06255646b616ba1ca419.js?body=1" for ::1 at 2016-01-27 14:42:45 -0500


Started GET "/assets/authors.self-877aef30ae1b040ab8a3aba4e3e309a11d7f2612f44dde450b5c157aa5f95c05.js?body=1" for ::1 at 2016-01-27 14:42:45 -0500


Started GET "/assets/jquery_ujs.self-d456baa54c1fa6be2ec3711f0a72ddf7a5b2f34a6b4f515f33767d6207b7d4b3.js?body=1" for ::1 at 2016-01-27 14:42:45 -0500


Started GET "/assets/application.self-3b8dabdc891efe46b9a144b400ad69e37d7e5876bdc39dee783419a69d7ca819.js?body=1" for ::1 at 2016-01-27 14:42:45 -0500


Started GET "/posts?utf8=%E2%9C%93&author=&date=&commit=Filter" for ::1 at 2016-01-27 14:42:59 -0500
Processing by PostsController#index as HTML
  Parameters: {"utf8"=>"✓", "author"=>"", "date"=>"", "commit"=>"Filter"}
  Rendered posts/index.html.erb within layouts/application (3.4ms)
Completed 500 Internal Server Error in 6ms (ActiveRecord: 0.0ms)

ActionView::Template::Error (undefined method `map' for nil:NilClass):
    2: <div>
    3:   <h3>Filter posts:</h3>
    4:   <%= form_tag("/posts", method: "get") do %>
    5:     <%= select_tag "author", options_from_collection_for_select(@authors, "id", "name"), include_blank: true %>
    6:     <%= select_tag "date", options_for_select(["Today", "Old News"]), include_blank: true %>
    7:     <%= submit_tag "Filter" %>
    8:   <% end %>
  app/views/posts/index.html.erb:5:in `block in _app_views_posts_index_html_erb___3507674907051617744_70244212595800'
  app/views/posts/index.html.erb:4:in `_app_views_posts_index_html_erb___3507674907051617744_70244212595800'


  Rendered /Users/scottcreynolds/.rvm/gems/ruby-2.1.2/gems/actionpack-4.2.5/lib/action_dispatch/middleware/templates/rescues/_source.erb (6.4ms)
  Rendered /Users/scottcreynolds/.rvm/gems/ruby-2.1.2/gems/actionpack-4.2.5/lib/action_dispatch/middleware/templates/rescues/_trace.html.erb (2.5ms)
  Rendered /Users/scottcreynolds/.rvm/gems/ruby-2.1.2/gems/actionpack-4.2.5/lib/action_dispatch/middleware/templates/rescues/_request_and_response.html.erb (0.9ms)
  Rendered /Users/scottcreynolds/.rvm/gems/ruby-2.1.2/gems/actionpack-4.2.5/lib/action_dispatch/middleware/templates/rescues/template_error.html.erb within rescues/layout (24.4ms)
  Rendered /Users/scottcreynolds/.rvm/gems/ruby-2.1.2/gems/web-console-2.2.1/lib/web_console/templates/_markup.html.erb (0.2ms)
  Rendered /Users/scottcreynolds/.rvm/gems/ruby-2.1.2/gems/web-console-2.2.1/lib/web_console/templates/_inner_console_markup.html.erb within layouts/inlined_string (0.2ms)
  Rendered /Users/scottcreynolds/.rvm/gems/ruby-2.1.2/gems/web-console-2.2.1/lib/web_console/templates/_prompt_box_markup.html.erb within layouts/inlined_string (0.2ms)
  Rendered /Users/scottcreynolds/.rvm/gems/ruby-2.1.2/gems/web-console-2.2.1/lib/web_console/templates/style.css.erb within layouts/inlined_string (0.2ms)
  Rendered /Users/scottcreynolds/.rvm/gems/ruby-2.1.2/gems/web-console-2.2.1/lib/web_console/templates/console.js.erb within layouts/javascript (15.1ms)
  Rendered /Users/scottcreynolds/.rvm/gems/ruby-2.1.2/gems/web-console-2.2.1/lib/web_console/templates/main.js.erb within layouts/javascript (0.3ms)
  Rendered /Users/scottcreynolds/.rvm/gems/ruby-2.1.2/gems/web-console-2.2.1/lib/web_console/templates/error_page.js.erb within layouts/javascript (0.3ms)
  Rendered /Users/scottcreynolds/.rvm/gems/ruby-2.1.2/gems/web-console-2.2.1/lib/web_console/templates/index.html.erb (32.7ms)


Started GET "/posts?utf8=%E2%9C%93&author=&date=&commit=Filter" for ::1 at 2016-01-27 14:43:38 -0500
Processing by PostsController#index as HTML
  Parameters: {"utf8"=>"✓", "author"=>"", "date"=>"", "commit"=>"Filter"}
  [1m[36mAuthor Load (0.3ms)[0m  [1mSELECT "authors".* FROM "authors"[0m
  [1m[35mPost Load (0.1ms)[0m  SELECT "posts".* FROM "posts"
  [1m[36mAuthor Load (0.2ms)[0m  [1mSELECT  "authors".* FROM "authors" WHERE "authors"."id" = ? LIMIT 1[0m  [["id", 10]]
  [1m[35mAuthor Load (0.1ms)[0m  SELECT  "authors".* FROM "authors" WHERE "authors"."id" = ? LIMIT 1  [["id", 11]]
  [1m[36mAuthor Load (0.1ms)[0m  [1mSELECT  "authors".* FROM "authors" WHERE "authors"."id" = ? LIMIT 1[0m  [["id", 12]]
  Rendered posts/index.html.erb within layouts/application (12.4ms)
Completed 200 OK in 39ms (Views: 33.5ms | ActiveRecord: 1.4ms)


Started GET "/assets/application.self-e80e8f2318043e8af94dddc2adad5a4f09739a8ebb323b3ab31cd71d45fd9113.css?body=1" for ::1 at 2016-01-27 14:43:38 -0500


Started GET "/assets/authors.self-e3b0c44298fc1c149afbf4c8996fb92427ae41e4649b934ca495991b7852b855.css?body=1" for ::1 at 2016-01-27 14:43:38 -0500


Started GET "/assets/authors.self-877aef30ae1b040ab8a3aba4e3e309a11d7f2612f44dde450b5c157aa5f95c05.js?body=1" for ::1 at 2016-01-27 14:43:38 -0500


Started GET "/assets/jquery.self-a714331225dda820228db323939889f149aec0127aeb06255646b616ba1ca419.js?body=1" for ::1 at 2016-01-27 14:43:38 -0500


Started GET "/assets/turbolinks.self-c37727e9bd6b2735da5c311aa83fead54ed0be6cc8bd9a65309e9c5abe2cbfff.js?body=1" for ::1 at 2016-01-27 14:43:38 -0500


Started GET "/assets/application.self-3b8dabdc891efe46b9a144b400ad69e37d7e5876bdc39dee783419a69d7ca819.js?body=1" for ::1 at 2016-01-27 14:43:38 -0500


Started GET "/assets/jquery_ujs.self-d456baa54c1fa6be2ec3711f0a72ddf7a5b2f34a6b4f515f33767d6207b7d4b3.js?body=1" for ::1 at 2016-01-27 14:43:38 -0500


Started GET "/posts?utf8=%E2%9C%93&author=10&date=&commit=Filter" for ::1 at 2016-01-27 14:43:40 -0500
Processing by PostsController#index as HTML
  Parameters: {"utf8"=>"✓", "author"=>"10", "date"=>"", "commit"=>"Filter"}
  [1m[35mAuthor Load (0.1ms)[0m  SELECT "authors".* FROM "authors"
  [1m[36mPost Load (0.1ms)[0m  [1mSELECT "posts".* FROM "posts" WHERE "posts"."author_id" = 10[0m
  [1m[35mAuthor Load (0.1ms)[0m  SELECT  "authors".* FROM "authors" WHERE "authors"."id" = ? LIMIT 1  [["id", 10]]
  Rendered posts/index.html.erb within layouts/application (2.1ms)
Completed 200 OK in 16ms (Views: 14.4ms | ActiveRecord: 0.3ms)


Started GET "/posts?utf8=%E2%9C%93&author=&date=&commit=Filter" for ::1 at 2016-01-27 14:43:42 -0500
Processing by PostsController#index as HTML
  Parameters: {"utf8"=>"✓", "author"=>"", "date"=>"", "commit"=>"Filter"}
  [1m[36mAuthor Load (0.1ms)[0m  [1mSELECT "authors".* FROM "authors"[0m
  [1m[35mPost Load (0.1ms)[0m  SELECT "posts".* FROM "posts"
  [1m[36mAuthor Load (0.1ms)[0m  [1mSELECT  "authors".* FROM "authors" WHERE "authors"."id" = ? LIMIT 1[0m  [["id", 10]]
  [1m[35mAuthor Load (0.1ms)[0m  SELECT  "authors".* FROM "authors" WHERE "authors"."id" = ? LIMIT 1  [["id", 11]]
  [1m[36mAuthor Load (0.1ms)[0m  [1mSELECT  "authors".* FROM "authors" WHERE "authors"."id" = ? LIMIT 1[0m  [["id", 12]]
  Rendered posts/index.html.erb within layouts/application (3.0ms)
Completed 200 OK in 14ms (Views: 13.4ms | ActiveRecord: 0.4ms)


Started GET "/posts?utf8=%E2%9C%93&author=&date=Today&commit=Filter" for ::1 at 2016-01-27 14:43:45 -0500
Processing by PostsController#index as HTML
  Parameters: {"utf8"=>"✓", "author"=>"", "date"=>"Today", "commit"=>"Filter"}
  [1m[35mAuthor Load (0.1ms)[0m  SELECT "authors".* FROM "authors"
  [1m[36mPost Load (0.1ms)[0m  [1mSELECT "posts".* FROM "posts" WHERE (created_at >='2016-01-27 00:00:00.000000')[0m
  [1m[35mAuthor Load (0.1ms)[0m  SELECT  "authors".* FROM "authors" WHERE "authors"."id" = ? LIMIT 1  [["id", 10]]
  [1m[36mAuthor Load (0.1ms)[0m  [1mSELECT  "authors".* FROM "authors" WHERE "authors"."id" = ? LIMIT 1[0m  [["id", 11]]
  Rendered posts/index.html.erb within layouts/application (2.2ms)
Completed 200 OK in 14ms (Views: 12.4ms | ActiveRecord: 0.3ms)


Started GET "/posts?utf8=%E2%9C%93&author=&date=Old+News&commit=Filter" for ::1 at 2016-01-27 14:43:47 -0500
Processing by PostsController#index as HTML
  Parameters: {"utf8"=>"✓", "author"=>"", "date"=>"Old News", "commit"=>"Filter"}
  [1m[35mAuthor Load (0.1ms)[0m  SELECT "authors".* FROM "authors"
  [1m[36mPost Load (0.1ms)[0m  [1mSELECT "posts".* FROM "posts" WHERE (created_at <'2016-01-27 00:00:00.000000')[0m
  [1m[35mAuthor Load (0.1ms)[0m  SELECT  "authors".* FROM "authors" WHERE "authors"."id" = ? LIMIT 1  [["id", 12]]
  Rendered posts/index.html.erb within layouts/application (1.7ms)
Completed 200 OK in 13ms (Views: 12.0ms | ActiveRecord: 0.3ms)


Started GET "/posts?utf8=%E2%9C%93&author=11&date=&commit=Filter" for ::1 at 2016-01-27 14:54:59 -0500
Processing by PostsController#index as HTML
  Parameters: {"utf8"=>"✓", "author"=>"11", "date"=>"", "commit"=>"Filter"}
  [1m[36mAuthor Load (0.2ms)[0m  [1mSELECT "authors".* FROM "authors"[0m
  [1m[35mPost Load (0.2ms)[0m  SELECT "posts".* FROM "posts" WHERE "posts"."author_id" = 11
  [1m[36mAuthor Load (0.2ms)[0m  [1mSELECT  "authors".* FROM "authors" WHERE "authors"."id" = ? LIMIT 1[0m  [["id", 11]]
  Rendered posts/index.html.erb within layouts/application (24.9ms)
Completed 200 OK in 83ms (Views: 66.7ms | ActiveRecord: 1.6ms)


Started GET "/posts?utf8=%E2%9C%93&author=10&date=&commit=Filter" for ::1 at 2016-01-27 14:55:02 -0500
Processing by PostsController#index as HTML
  Parameters: {"utf8"=>"✓", "author"=>"10", "date"=>"", "commit"=>"Filter"}
  [1m[35mAuthor Load (0.1ms)[0m  SELECT "authors".* FROM "authors"
  [1m[36mPost Load (0.1ms)[0m  [1mSELECT "posts".* FROM "posts" WHERE "posts"."author_id" = 10[0m
  [1m[35mAuthor Load (0.1ms)[0m  SELECT  "authors".* FROM "authors" WHERE "authors"."id" = ? LIMIT 1  [["id", 10]]
  Rendered posts/index.html.erb within layouts/application (1.9ms)
Completed 200 OK in 14ms (Views: 13.0ms | ActiveRecord: 0.3ms)


Started GET "/posts?utf8=%E2%9C%93&author=&date=&commit=Filter" for ::1 at 2016-01-27 14:55:03 -0500
Processing by PostsController#index as HTML
  Parameters: {"utf8"=>"✓", "author"=>"", "date"=>"", "commit"=>"Filter"}
  [1m[36mAuthor Load (0.1ms)[0m  [1mSELECT "authors".* FROM "authors"[0m
  [1m[35mPost Load (0.1ms)[0m  SELECT "posts".* FROM "posts"
  [1m[36mAuthor Load (0.1ms)[0m  [1mSELECT  "authors".* FROM "authors" WHERE "authors"."id" = ? LIMIT 1[0m  [["id", 10]]
  [1m[35mAuthor Load (0.1ms)[0m  SELECT  "authors".* FROM "authors" WHERE "authors"."id" = ? LIMIT 1  [["id", 11]]
  [1m[36mAuthor Load (0.1ms)[0m  [1mSELECT  "authors".* FROM "authors" WHERE "authors"."id" = ? LIMIT 1[0m  [["id", 12]]
  Rendered posts/index.html.erb within layouts/application (2.9ms)
Completed 200 OK in 16ms (Views: 15.4ms | ActiveRecord: 0.4ms)


Started GET "/posts?utf8=%E2%9C%93&author=&date=&commit=Filter" for ::1 at 2016-01-27 15:06:24 -0500
Processing by PostsController#index as HTML
  Parameters: {"utf8"=>"✓", "author"=>"", "date"=>"", "commit"=>"Filter"}
  [1m[35mAuthor Load (0.3ms)[0m  SELECT "authors".* FROM "authors"
  [1m[36mPost Load (0.2ms)[0m  [1mSELECT "posts".* FROM "posts"[0m
  [1m[35mAuthor Load (0.2ms)[0m  SELECT  "authors".* FROM "authors" WHERE "authors"."id" = ? LIMIT 1  [["id", 10]]
  [1m[36mAuthor Load (0.1ms)[0m  [1mSELECT  "authors".* FROM "authors" WHERE "authors"."id" = ? LIMIT 1[0m  [["id", 11]]
  [1m[35mAuthor Load (0.1ms)[0m  SELECT  "authors".* FROM "authors" WHERE "authors"."id" = ? LIMIT 1  [["id", 12]]
  Rendered posts/index.html.erb within layouts/application (26.9ms)
Completed 200 OK in 54ms (Views: 47.7ms | ActiveRecord: 1.2ms)


Started GET "/assets/authors.self-e3b0c44298fc1c149afbf4c8996fb92427ae41e4649b934ca495991b7852b855.css?body=1" for ::1 at 2016-01-27 15:06:24 -0500


Started GET "/assets/application.self-e80e8f2318043e8af94dddc2adad5a4f09739a8ebb323b3ab31cd71d45fd9113.css?body=1" for ::1 at 2016-01-27 15:06:24 -0500


Started GET "/assets/application.self-3b8dabdc891efe46b9a144b400ad69e37d7e5876bdc39dee783419a69d7ca819.js?body=1" for ::1 at 2016-01-27 15:06:24 -0500


Started GET "/assets/jquery.self-a714331225dda820228db323939889f149aec0127aeb06255646b616ba1ca419.js?body=1" for ::1 at 2016-01-27 15:06:24 -0500


Started GET "/assets/jquery_ujs.self-d456baa54c1fa6be2ec3711f0a72ddf7a5b2f34a6b4f515f33767d6207b7d4b3.js?body=1" for ::1 at 2016-01-27 15:06:24 -0500


Started GET "/assets/turbolinks.self-c37727e9bd6b2735da5c311aa83fead54ed0be6cc8bd9a65309e9c5abe2cbfff.js?body=1" for ::1 at 2016-01-27 15:06:24 -0500


Started GET "/assets/authors.self-877aef30ae1b040ab8a3aba4e3e309a11d7f2612f44dde450b5c157aa5f95c05.js?body=1" for ::1 at 2016-01-27 15:06:24 -0500


Started GET "/posts?utf8=%E2%9C%93&author=&date=Today&commit=Filter" for ::1 at 2016-01-27 15:06:26 -0500
Processing by PostsController#index as HTML
  Parameters: {"utf8"=>"✓", "author"=>"", "date"=>"Today", "commit"=>"Filter"}
  [1m[36mAuthor Load (0.1ms)[0m  [1mSELECT "authors".* FROM "authors"[0m
  [1m[35mPost Load (0.1ms)[0m  SELECT "posts".* FROM "posts" WHERE (created_at >='2016-01-27 00:00:00.000000')
  [1m[36mAuthor Load (0.1ms)[0m  [1mSELECT  "authors".* FROM "authors" WHERE "authors"."id" = ? LIMIT 1[0m  [["id", 10]]
  [1m[35mAuthor Load (0.1ms)[0m  SELECT  "authors".* FROM "authors" WHERE "authors"."id" = ? LIMIT 1  [["id", 11]]
  Rendered posts/index.html.erb within layouts/application (4.4ms)
Completed 200 OK in 19ms (Views: 17.5ms | ActiveRecord: 0.3ms)


Started GET "/posts?utf8=%E2%9C%93&author=&date=Old+News&commit=Filter" for ::1 at 2016-01-27 15:06:28 -0500
Processing by PostsController#index as HTML
  Parameters: {"utf8"=>"✓", "author"=>"", "date"=>"Old News", "commit"=>"Filter"}
  [1m[36mAuthor Load (0.1ms)[0m  [1mSELECT "authors".* FROM "authors"[0m
  [1m[35mPost Load (0.1ms)[0m  SELECT "posts".* FROM "posts" WHERE (created_at <'2016-01-27 00:00:00.000000')
  [1m[36mAuthor Load (0.1ms)[0m  [1mSELECT  "authors".* FROM "authors" WHERE "authors"."id" = ? LIMIT 1[0m  [["id", 12]]
  Rendered posts/index.html.erb within layouts/application (2.1ms)
Completed 200 OK in 15ms (Views: 14.0ms | ActiveRecord: 0.3ms)


Started GET "/posts?utf8=%E2%9C%93&author=&date=Old+News&commit=Filter" for ::1 at 2016-01-27 15:26:18 -0500
Processing by PostsController#index as HTML
  Parameters: {"utf8"=>"✓", "author"=>"", "date"=>"Old News", "commit"=>"Filter"}
  [1m[35mPost Load (0.4ms)[0m  SELECT "posts".* FROM "posts"
  [1m[36mAuthor Load (0.2ms)[0m  [1mSELECT  "authors".* FROM "authors" WHERE "authors"."id" = ? LIMIT 1[0m  [["id", 10]]
  [1m[35mAuthor Load (0.1ms)[0m  SELECT  "authors".* FROM "authors" WHERE "authors"."id" = ? LIMIT 1  [["id", 11]]
  [1m[36mAuthor Load (0.1ms)[0m  [1mSELECT  "authors".* FROM "authors" WHERE "authors"."id" = ? LIMIT 1[0m  [["id", 12]]
  Rendered posts/index.html.erb within layouts/application (25.0ms)
Completed 200 OK in 70ms (Views: 63.5ms | ActiveRecord: 1.1ms)


Started GET "/assets/jquery.self-a714331225dda820228db323939889f149aec0127aeb06255646b616ba1ca419.js?body=1" for ::1 at 2016-01-27 15:26:19 -0500


Started GET "/assets/application.self-e80e8f2318043e8af94dddc2adad5a4f09739a8ebb323b3ab31cd71d45fd9113.css?body=1" for ::1 at 2016-01-27 15:26:19 -0500


Started GET "/assets/authors.self-e3b0c44298fc1c149afbf4c8996fb92427ae41e4649b934ca495991b7852b855.css?body=1" for ::1 at 2016-01-27 15:26:19 -0500


Started GET "/assets/turbolinks.self-c37727e9bd6b2735da5c311aa83fead54ed0be6cc8bd9a65309e9c5abe2cbfff.js?body=1" for ::1 at 2016-01-27 15:26:19 -0500


Started GET "/assets/jquery_ujs.self-d456baa54c1fa6be2ec3711f0a72ddf7a5b2f34a6b4f515f33767d6207b7d4b3.js?body=1" for ::1 at 2016-01-27 15:26:19 -0500


Started GET "/assets/authors.self-877aef30ae1b040ab8a3aba4e3e309a11d7f2612f44dde450b5c157aa5f95c05.js?body=1" for ::1 at 2016-01-27 15:26:19 -0500


Started GET "/assets/application.self-3b8dabdc891efe46b9a144b400ad69e37d7e5876bdc39dee783419a69d7ca819.js?body=1" for ::1 at 2016-01-27 15:26:19 -0500
